{"/home/user/Programming/FIRME/ETHEREUM/SOLIDITY_TEAM/solc-js/test/index.js":{"path":"/home/user/Programming/FIRME/ETHEREUM/SOLIDITY_TEAM/solc-js/test/index.js","statementMap":{"0":{"start":{"line":1,"column":15},"end":{"line":1,"column":32}},"1":{"start":{"line":3,"column":0},"end":{"line":3,"column":23}},"2":{"start":{"line":4,"column":0},"end":{"line":4,"column":26}},"3":{"start":{"line":5,"column":0},"end":{"line":5,"column":25}},"4":{"start":{"line":6,"column":0},"end":{"line":6,"column":28}},"5":{"start":{"line":7,"column":0},"end":{"line":7,"column":27}},"6":{"start":{"line":8,"column":0},"end":{"line":8,"column":20}},"7":{"start":{"line":11,"column":0},"end":{"line":13,"column":1}},"8":{"start":{"line":12,"column":2},"end":{"line":12,"column":22}}},"fnMap":{},"branchMap":{"0":{"loc":{"start":{"line":11,"column":0},"end":{"line":13,"column":1}},"type":"if","locations":[{"start":{"line":11,"column":0},"end":{"line":13,"column":1}},{"start":{"line":11,"column":0},"end":{"line":13,"column":1}}],"line":11}},"s":{"0":1,"1":1,"2":1,"3":1,"4":1,"5":1,"6":1,"7":1,"8":1},"f":{},"b":{"0":[1,0]},"_coverageSchema":"43e27e138ebf9cfc5966b082cf9a028302ed4184","hash":"412d2da40b0ecf75739d7326ba40d04edf9cca6b","contentHash":"514eba041381c7dc1e9e1344d00619db4635b06d3cd0d9298fb8369563d37d80"},"/home/user/Programming/FIRME/ETHEREUM/SOLIDITY_TEAM/solc-js/test/linker.js":{"path":"/home/user/Programming/FIRME/ETHEREUM/SOLIDITY_TEAM/solc-js/test/linker.js","statementMap":{"0":{"start":{"line":1,"column":13},"end":{"line":1,"column":28}},"1":{"start":{"line":2,"column":15},"end":{"line":2,"column":38}},"2":{"start":{"line":4,"column":0},"end":{"line":93,"column":3}},"3":{"start":{"line":5,"column":2},"end":{"line":8,"column":5}},"4":{"start":{"line":6,"column":4},"end":{"line":6,"column":52}},"5":{"start":{"line":7,"column":4},"end":{"line":7,"column":13}},"6":{"start":{"line":10,"column":2},"end":{"line":13,"column":5}},"7":{"start":{"line":11,"column":4},"end":{"line":11,"column":82}},"8":{"start":{"line":12,"column":4},"end":{"line":12,"column":13}},"9":{"start":{"line":15,"column":2},"end":{"line":19,"column":5}},"10":{"start":{"line":16,"column":19},"end":{"line":16,"column":567}},"11":{"start":{"line":17,"column":4},"end":{"line":17,"column":104}},"12":{"start":{"line":18,"column":4},"end":{"line":18,"column":13}},"13":{"start":{"line":21,"column":2},"end":{"line":28,"column":5}},"14":{"start":{"line":22,"column":19},"end":{"line":22,"column":645}},"15":{"start":{"line":23,"column":4},"end":{"line":26,"column":6}},"16":{"start":{"line":27,"column":4},"end":{"line":27,"column":13}},"17":{"start":{"line":30,"column":2},"end":{"line":37,"column":5}},"18":{"start":{"line":31,"column":19},"end":{"line":31,"column":567}},"19":{"start":{"line":32,"column":4},"end":{"line":35,"column":6}},"20":{"start":{"line":36,"column":4},"end":{"line":36,"column":13}},"21":{"start":{"line":39,"column":2},"end":{"line":46,"column":5}},"22":{"start":{"line":40,"column":19},"end":{"line":40,"column":567}},"23":{"start":{"line":41,"column":4},"end":{"line":44,"column":6}},"24":{"start":{"line":45,"column":4},"end":{"line":45,"column":13}},"25":{"start":{"line":48,"column":2},"end":{"line":55,"column":5}},"26":{"start":{"line":49,"column":19},"end":{"line":49,"column":567}},"27":{"start":{"line":50,"column":4},"end":{"line":53,"column":6}},"28":{"start":{"line":54,"column":4},"end":{"line":54,"column":13}},"29":{"start":{"line":58,"column":2},"end":{"line":65,"column":5}},"30":{"start":{"line":59,"column":19},"end":{"line":59,"column":567}},"31":{"start":{"line":60,"column":4},"end":{"line":63,"column":6}},"32":{"start":{"line":64,"column":4},"end":{"line":64,"column":13}},"33":{"start":{"line":67,"column":2},"end":{"line":74,"column":5}},"34":{"start":{"line":68,"column":19},"end":{"line":68,"column":58}},"35":{"start":{"line":69,"column":4},"end":{"line":72,"column":6}},"36":{"start":{"line":73,"column":4},"end":{"line":73,"column":13}},"37":{"start":{"line":76,"column":2},"end":{"line":83,"column":5}},"38":{"start":{"line":77,"column":19},"end":{"line":77,"column":93}},"39":{"start":{"line":78,"column":4},"end":{"line":81,"column":6}},"40":{"start":{"line":82,"column":4},"end":{"line":82,"column":13}},"41":{"start":{"line":85,"column":2},"end":{"line":92,"column":5}},"42":{"start":{"line":86,"column":19},"end":{"line":86,"column":645}},"43":{"start":{"line":87,"column":4},"end":{"line":90,"column":6}},"44":{"start":{"line":91,"column":4},"end":{"line":91,"column":13}},"45":{"start":{"line":95,"column":0},"end":{"line":169,"column":3}},"46":{"start":{"line":96,"column":2},"end":{"line":105,"column":5}},"47":{"start":{"line":101,"column":19},"end":{"line":101,"column":659}},"48":{"start":{"line":102,"column":4},"end":{"line":102,"column":74}},"49":{"start":{"line":103,"column":4},"end":{"line":103,"column":37}},"50":{"start":{"line":104,"column":4},"end":{"line":104,"column":13}},"51":{"start":{"line":107,"column":2},"end":{"line":116,"column":5}},"52":{"start":{"line":112,"column":19},"end":{"line":112,"column":659}},"53":{"start":{"line":113,"column":4},"end":{"line":113,"column":81}},"54":{"start":{"line":114,"column":4},"end":{"line":114,"column":37}},"55":{"start":{"line":115,"column":4},"end":{"line":115,"column":13}},"56":{"start":{"line":118,"column":2},"end":{"line":127,"column":5}},"57":{"start":{"line":123,"column":19},"end":{"line":123,"column":659}},"58":{"start":{"line":124,"column":4},"end":{"line":124,"column":50}},"59":{"start":{"line":125,"column":4},"end":{"line":125,"column":38}},"60":{"start":{"line":126,"column":4},"end":{"line":126,"column":13}},"61":{"start":{"line":129,"column":2},"end":{"line":139,"column":5}},"62":{"start":{"line":134,"column":19},"end":{"line":134,"column":659}},"63":{"start":{"line":135,"column":4},"end":{"line":137,"column":7}},"64":{"start":{"line":136,"column":6},"end":{"line":136,"column":57}},"65":{"start":{"line":138,"column":4},"end":{"line":138,"column":13}},"66":{"start":{"line":141,"column":2},"end":{"line":150,"column":5}},"67":{"start":{"line":146,"column":19},"end":{"line":146,"column":659}},"68":{"start":{"line":147,"column":4},"end":{"line":147,"column":114}},"69":{"start":{"line":148,"column":4},"end":{"line":148,"column":37}},"70":{"start":{"line":149,"column":4},"end":{"line":149,"column":13}},"71":{"start":{"line":152,"column":2},"end":{"line":157,"column":5}},"72":{"start":{"line":153,"column":19},"end":{"line":153,"column":94}},"73":{"start":{"line":154,"column":4},"end":{"line":154,"column":75}},"74":{"start":{"line":155,"column":4},"end":{"line":155,"column":100}},"75":{"start":{"line":156,"column":4},"end":{"line":156,"column":13}},"76":{"start":{"line":159,"column":2},"end":{"line":168,"column":5}},"77":{"start":{"line":164,"column":19},"end":{"line":164,"column":659}},"78":{"start":{"line":165,"column":4},"end":{"line":165,"column":72}},"79":{"start":{"line":166,"column":4},"end":{"line":166,"column":37}},"80":{"start":{"line":167,"column":4},"end":{"line":167,"column":13}}},"fnMap":{"0":{"name":"(anonymous_0)","decl":{"start":{"line":4,"column":24},"end":{"line":4,"column":25}},"loc":{"start":{"line":4,"column":37},"end":{"line":93,"column":1}},"line":4},"1":{"name":"(anonymous_1)","decl":{"start":{"line":5,"column":27},"end":{"line":5,"column":28}},"loc":{"start":{"line":5,"column":41},"end":{"line":8,"column":3}},"line":5},"2":{"name":"(anonymous_2)","decl":{"start":{"line":10,"column":26},"end":{"line":10,"column":27}},"loc":{"start":{"line":10,"column":40},"end":{"line":13,"column":3}},"line":10},"3":{"name":"(anonymous_3)","decl":{"start":{"line":15,"column":26},"end":{"line":15,"column":27}},"loc":{"start":{"line":15,"column":40},"end":{"line":19,"column":3}},"line":15},"4":{"name":"(anonymous_4)","decl":{"start":{"line":21,"column":27},"end":{"line":21,"column":28}},"loc":{"start":{"line":21,"column":41},"end":{"line":28,"column":3}},"line":21},"5":{"name":"(anonymous_5)","decl":{"start":{"line":30,"column":49},"end":{"line":30,"column":50}},"loc":{"start":{"line":30,"column":63},"end":{"line":37,"column":3}},"line":30},"6":{"name":"(anonymous_6)","decl":{"start":{"line":39,"column":64},"end":{"line":39,"column":65}},"loc":{"start":{"line":39,"column":78},"end":{"line":46,"column":3}},"line":39},"7":{"name":"(anonymous_7)","decl":{"start":{"line":48,"column":53},"end":{"line":48,"column":54}},"loc":{"start":{"line":48,"column":67},"end":{"line":55,"column":3}},"line":48},"8":{"name":"(anonymous_8)","decl":{"start":{"line":58,"column":50},"end":{"line":58,"column":51}},"loc":{"start":{"line":58,"column":64},"end":{"line":65,"column":3}},"line":58},"9":{"name":"(anonymous_9)","decl":{"start":{"line":67,"column":38},"end":{"line":67,"column":39}},"loc":{"start":{"line":67,"column":52},"end":{"line":74,"column":3}},"line":67},"10":{"name":"(anonymous_10)","decl":{"start":{"line":76,"column":41},"end":{"line":76,"column":42}},"loc":{"start":{"line":76,"column":55},"end":{"line":83,"column":3}},"line":76},"11":{"name":"(anonymous_11)","decl":{"start":{"line":85,"column":50},"end":{"line":85,"column":51}},"loc":{"start":{"line":85,"column":64},"end":{"line":92,"column":3}},"line":85},"12":{"name":"(anonymous_12)","decl":{"start":{"line":95,"column":16},"end":{"line":95,"column":17}},"loc":{"start":{"line":95,"column":29},"end":{"line":169,"column":1}},"line":95},"13":{"name":"(anonymous_13)","decl":{"start":{"line":96,"column":26},"end":{"line":96,"column":27}},"loc":{"start":{"line":96,"column":40},"end":{"line":105,"column":3}},"line":96},"14":{"name":"(anonymous_14)","decl":{"start":{"line":107,"column":76},"end":{"line":107,"column":77}},"loc":{"start":{"line":107,"column":90},"end":{"line":116,"column":3}},"line":107},"15":{"name":"(anonymous_15)","decl":{"start":{"line":118,"column":48},"end":{"line":118,"column":49}},"loc":{"start":{"line":118,"column":62},"end":{"line":127,"column":3}},"line":118},"16":{"name":"(anonymous_16)","decl":{"start":{"line":129,"column":48},"end":{"line":129,"column":49}},"loc":{"start":{"line":129,"column":62},"end":{"line":139,"column":3}},"line":129},"17":{"name":"(anonymous_17)","decl":{"start":{"line":135,"column":14},"end":{"line":135,"column":15}},"loc":{"start":{"line":135,"column":26},"end":{"line":137,"column":5}},"line":135},"18":{"name":"(anonymous_18)","decl":{"start":{"line":141,"column":56},"end":{"line":141,"column":57}},"loc":{"start":{"line":141,"column":70},"end":{"line":150,"column":3}},"line":141},"19":{"name":"(anonymous_19)","decl":{"start":{"line":152,"column":31},"end":{"line":152,"column":32}},"loc":{"start":{"line":152,"column":45},"end":{"line":157,"column":3}},"line":152},"20":{"name":"(anonymous_20)","decl":{"start":{"line":159,"column":67},"end":{"line":159,"column":68}},"loc":{"start":{"line":159,"column":81},"end":{"line":168,"column":3}},"line":159}},"branchMap":{},"s":{"0":1,"1":1,"2":1,"3":1,"4":1,"5":1,"6":1,"7":1,"8":1,"9":1,"10":1,"11":1,"12":1,"13":1,"14":1,"15":1,"16":1,"17":1,"18":1,"19":1,"20":1,"21":1,"22":1,"23":1,"24":1,"25":1,"26":1,"27":1,"28":1,"29":1,"30":1,"31":1,"32":1,"33":1,"34":1,"35":1,"36":1,"37":1,"38":1,"39":1,"40":1,"41":1,"42":1,"43":1,"44":1,"45":1,"46":1,"47":1,"48":1,"49":1,"50":1,"51":1,"52":1,"53":1,"54":1,"55":1,"56":1,"57":1,"58":1,"59":1,"60":1,"61":1,"62":1,"63":1,"64":1,"65":1,"66":1,"67":1,"68":1,"69":1,"70":1,"71":1,"72":1,"73":1,"74":1,"75":1,"76":1,"77":1,"78":1,"79":1,"80":1},"f":{"0":1,"1":1,"2":1,"3":1,"4":1,"5":1,"6":1,"7":1,"8":1,"9":1,"10":1,"11":1,"12":1,"13":1,"14":1,"15":1,"16":1,"17":1,"18":1,"19":1,"20":1},"b":{},"_coverageSchema":"43e27e138ebf9cfc5966b082cf9a028302ed4184","hash":"edccc07bff92f4011cae186ee13eaab0479153bd","contentHash":"2f004b0830bf0f6f054ce639512dae0984da4064c4af164a3128eeb9129df78d"},"/home/user/Programming/FIRME/ETHEREUM/SOLIDITY_TEAM/solc-js/linker.js":{"path":"/home/user/Programming/FIRME/ETHEREUM/SOLIDITY_TEAM/solc-js/linker.js","statementMap":{"0":{"start":{"line":1,"column":13},"end":{"line":1,"column":30}},"1":{"start":{"line":2,"column":16},"end":{"line":2,"column":44}},"2":{"start":{"line":5,"column":2},"end":{"line":5,"column":51}},"3":{"start":{"line":8,"column":19},"end":{"line":55,"column":1}},"4":{"start":{"line":9,"column":2},"end":{"line":9,"column":39}},"5":{"start":{"line":10,"column":2},"end":{"line":10,"column":40}},"6":{"start":{"line":12,"column":26},"end":{"line":12,"column":28}},"7":{"start":{"line":13,"column":2},"end":{"line":28,"column":3}},"8":{"start":{"line":14,"column":4},"end":{"line":27,"column":5}},"9":{"start":{"line":16,"column":6},"end":{"line":19,"column":7}},"10":{"start":{"line":17,"column":8},"end":{"line":17,"column":61}},"11":{"start":{"line":18,"column":8},"end":{"line":18,"column":81}},"12":{"start":{"line":22,"column":19},"end":{"line":22,"column":54}},"13":{"start":{"line":23,"column":6},"end":{"line":25,"column":7}},"14":{"start":{"line":24,"column":8},"end":{"line":24,"column":62}},"15":{"start":{"line":26,"column":6},"end":{"line":26,"column":62}},"16":{"start":{"line":30,"column":2},"end":{"line":52,"column":3}},"17":{"start":{"line":31,"column":21},"end":{"line":31,"column":51}},"18":{"start":{"line":32,"column":4},"end":{"line":34,"column":5}},"19":{"start":{"line":33,"column":6},"end":{"line":33,"column":70}},"20":{"start":{"line":36,"column":4},"end":{"line":36,"column":37}},"21":{"start":{"line":37,"column":4},"end":{"line":37,"column":74}},"22":{"start":{"line":41,"column":18},"end":{"line":48,"column":5}},"23":{"start":{"line":43,"column":26},"end":{"line":43,"column":43}},"24":{"start":{"line":44,"column":21},"end":{"line":44,"column":93}},"25":{"start":{"line":45,"column":6},"end":{"line":47,"column":7}},"26":{"start":{"line":46,"column":8},"end":{"line":46,"column":58}},"27":{"start":{"line":50,"column":4},"end":{"line":50,"column":25}},"28":{"start":{"line":51,"column":4},"end":{"line":51,"column":49}},"29":{"start":{"line":54,"column":2},"end":{"line":54,"column":18}},"30":{"start":{"line":57,"column":25},"end":{"line":89,"column":1}},"31":{"start":{"line":58,"column":2},"end":{"line":58,"column":39}},"32":{"start":{"line":61,"column":23},"end":{"line":61,"column":25}},"33":{"start":{"line":62,"column":15},"end":{"line":62,"column":16}},"34":{"start":{"line":63,"column":2},"end":{"line":87,"column":3}},"35":{"start":{"line":64,"column":16},"end":{"line":64,"column":45}},"36":{"start":{"line":65,"column":4},"end":{"line":67,"column":5}},"37":{"start":{"line":66,"column":6},"end":{"line":66,"column":12}},"38":{"start":{"line":69,"column":16},"end":{"line":69,"column":27}},"39":{"start":{"line":72,"column":22},"end":{"line":72,"column":51}},"40":{"start":{"line":74,"column":4},"end":{"line":76,"column":5}},"41":{"start":{"line":75,"column":6},"end":{"line":75,"column":39}},"42":{"start":{"line":78,"column":4},"end":{"line":82,"column":7}},"43":{"start":{"line":84,"column":4},"end":{"line":84,"column":25}},"44":{"start":{"line":86,"column":4},"end":{"line":86,"column":42}},"45":{"start":{"line":88,"column":2},"end":{"line":88,"column":24}},"46":{"start":{"line":91,"column":0},"end":{"line":94,"column":2}}},"fnMap":{"0":{"name":"libraryHashPlaceholder","decl":{"start":{"line":4,"column":9},"end":{"line":4,"column":31}},"loc":{"start":{"line":4,"column":40},"end":{"line":6,"column":1}},"line":4},"1":{"name":"(anonymous_1)","decl":{"start":{"line":8,"column":19},"end":{"line":8,"column":20}},"loc":{"start":{"line":8,"column":50},"end":{"line":55,"column":1}},"line":8},"2":{"name":"(anonymous_2)","decl":{"start":{"line":41,"column":18},"end":{"line":41,"column":19}},"loc":{"start":{"line":41,"column":34},"end":{"line":48,"column":5}},"line":41},"3":{"name":"(anonymous_3)","decl":{"start":{"line":57,"column":25},"end":{"line":57,"column":26}},"loc":{"start":{"line":57,"column":45},"end":{"line":89,"column":1}},"line":57}},"branchMap":{"0":{"loc":{"start":{"line":14,"column":4},"end":{"line":27,"column":5}},"type":"if","locations":[{"start":{"line":14,"column":4},"end":{"line":27,"column":5}},{"start":{"line":14,"column":4},"end":{"line":27,"column":5}}],"line":14},"1":{"loc":{"start":{"line":23,"column":6},"end":{"line":25,"column":7}},"type":"if","locations":[{"start":{"line":23,"column":6},"end":{"line":25,"column":7}},{"start":{"line":23,"column":6},"end":{"line":25,"column":7}}],"line":23},"2":{"loc":{"start":{"line":32,"column":4},"end":{"line":34,"column":5}},"type":"if","locations":[{"start":{"line":32,"column":4},"end":{"line":34,"column":5}},{"start":{"line":32,"column":4},"end":{"line":34,"column":5}}],"line":32},"3":{"loc":{"start":{"line":32,"column":8},"end":{"line":32,"column":65}},"type":"binary-expr","locations":[{"start":{"line":32,"column":8},"end":{"line":32,"column":39}},{"start":{"line":32,"column":43},"end":{"line":32,"column":65}}],"line":32},"4":{"loc":{"start":{"line":65,"column":4},"end":{"line":67,"column":5}},"type":"if","locations":[{"start":{"line":65,"column":4},"end":{"line":67,"column":5}},{"start":{"line":65,"column":4},"end":{"line":67,"column":5}}],"line":65},"5":{"loc":{"start":{"line":74,"column":4},"end":{"line":76,"column":5}},"type":"if","locations":[{"start":{"line":74,"column":4},"end":{"line":76,"column":5}},{"start":{"line":74,"column":4},"end":{"line":76,"column":5}}],"line":74}},"s":{"0":1,"1":1,"2":41,"3":1,"4":68,"5":68,"6":68,"7":68,"8":22,"9":17,"10":17,"11":17,"12":5,"13":5,"14":4,"15":5,"16":68,"17":42,"18":42,"19":1,"20":41,"21":41,"22":41,"23":82,"24":82,"25":82,"26":13,"27":41,"28":41,"29":67,"30":1,"31":100,"32":100,"33":100,"34":100,"35":117,"36":117,"37":100,"38":17,"39":17,"40":17,"41":16,"42":17,"43":17,"44":17,"45":100,"46":1},"f":{"0":41,"1":68,"2":82,"3":100},"b":{"0":[17,5],"1":[4,1],"2":[1,41],"3":[42,41],"4":[100,17],"5":[16,1]},"_coverageSchema":"43e27e138ebf9cfc5966b082cf9a028302ed4184","hash":"ab1d90980567a503bd66561df6fce660640b0b16","contentHash":"4aebef144255242a784fbb939e6854f65343e7d73ab66731ce9f3c6a9a5b8a65"},"/home/user/Programming/FIRME/ETHEREUM/SOLIDITY_TEAM/solc-js/test/translate.js":{"path":"/home/user/Programming/FIRME/ETHEREUM/SOLIDITY_TEAM/solc-js/test/translate.js","statementMap":{"0":{"start":{"line":1,"column":11},"end":{"line":1,"column":24}},"1":{"start":{"line":2,"column":13},"end":{"line":2,"column":28}},"2":{"start":{"line":3,"column":13},"end":{"line":3,"column":28}},"3":{"start":{"line":4,"column":18},"end":{"line":4,"column":44}},"4":{"start":{"line":5,"column":24},"end":{"line":5,"column":49}},"5":{"start":{"line":7,"column":0},"end":{"line":50,"column":3}},"6":{"start":{"line":8,"column":2},"end":{"line":11,"column":5}},"7":{"start":{"line":9,"column":4},"end":{"line":9,"column":48}},"8":{"start":{"line":10,"column":4},"end":{"line":10,"column":13}},"9":{"start":{"line":12,"column":2},"end":{"line":15,"column":5}},"10":{"start":{"line":13,"column":4},"end":{"line":13,"column":114}},"11":{"start":{"line":14,"column":4},"end":{"line":14,"column":13}},"12":{"start":{"line":16,"column":2},"end":{"line":19,"column":5}},"13":{"start":{"line":17,"column":4},"end":{"line":17,"column":152}},"14":{"start":{"line":18,"column":4},"end":{"line":18,"column":13}},"15":{"start":{"line":20,"column":2},"end":{"line":23,"column":5}},"16":{"start":{"line":21,"column":4},"end":{"line":21,"column":109}},"17":{"start":{"line":22,"column":4},"end":{"line":22,"column":13}},"18":{"start":{"line":24,"column":2},"end":{"line":27,"column":5}},"19":{"start":{"line":25,"column":4},"end":{"line":25,"column":87}},"20":{"start":{"line":26,"column":4},"end":{"line":26,"column":13}},"21":{"start":{"line":28,"column":2},"end":{"line":31,"column":5}},"22":{"start":{"line":29,"column":4},"end":{"line":29,"column":107}},"23":{"start":{"line":30,"column":4},"end":{"line":30,"column":13}},"24":{"start":{"line":32,"column":2},"end":{"line":38,"column":5}},"25":{"start":{"line":33,"column":4},"end":{"line":36,"column":6}},"26":{"start":{"line":37,"column":4},"end":{"line":37,"column":13}},"27":{"start":{"line":39,"column":2},"end":{"line":45,"column":5}},"28":{"start":{"line":41,"column":4},"end":{"line":41,"column":110}},"29":{"start":{"line":43,"column":4},"end":{"line":43,"column":87}},"30":{"start":{"line":44,"column":4},"end":{"line":44,"column":13}},"31":{"start":{"line":46,"column":2},"end":{"line":49,"column":5}},"32":{"start":{"line":47,"column":4},"end":{"line":47,"column":98}},"33":{"start":{"line":48,"column":4},"end":{"line":48,"column":13}},"34":{"start":{"line":52,"column":0},"end":{"line":60,"column":3}},"35":{"start":{"line":53,"column":2},"end":{"line":59,"column":5}},"36":{"start":{"line":54,"column":25},"end":{"line":54,"column":121}},"37":{"start":{"line":55,"column":31},"end":{"line":55,"column":114}},"38":{"start":{"line":56,"column":31},"end":{"line":56,"column":117}},"39":{"start":{"line":57,"column":4},"end":{"line":57,"column":114}},"40":{"start":{"line":58,"column":4},"end":{"line":58,"column":13}}},"fnMap":{"0":{"name":"(anonymous_0)","decl":{"start":{"line":7,"column":44},"end":{"line":7,"column":45}},"loc":{"start":{"line":7,"column":57},"end":{"line":50,"column":1}},"line":7},"1":{"name":"(anonymous_1)","decl":{"start":{"line":8,"column":25},"end":{"line":8,"column":26}},"loc":{"start":{"line":8,"column":39},"end":{"line":11,"column":3}},"line":8},"2":{"name":"(anonymous_2)","decl":{"start":{"line":12,"column":39},"end":{"line":12,"column":40}},"loc":{"start":{"line":12,"column":53},"end":{"line":15,"column":3}},"line":12},"3":{"name":"(anonymous_3)","decl":{"start":{"line":16,"column":39},"end":{"line":16,"column":40}},"loc":{"start":{"line":16,"column":53},"end":{"line":19,"column":3}},"line":16},"4":{"name":"(anonymous_4)","decl":{"start":{"line":20,"column":28},"end":{"line":20,"column":29}},"loc":{"start":{"line":20,"column":42},"end":{"line":23,"column":3}},"line":20},"5":{"name":"(anonymous_5)","decl":{"start":{"line":24,"column":28},"end":{"line":24,"column":29}},"loc":{"start":{"line":24,"column":42},"end":{"line":27,"column":3}},"line":24},"6":{"name":"(anonymous_6)","decl":{"start":{"line":28,"column":25},"end":{"line":28,"column":26}},"loc":{"start":{"line":28,"column":39},"end":{"line":31,"column":3}},"line":28},"7":{"name":"(anonymous_7)","decl":{"start":{"line":32,"column":28},"end":{"line":32,"column":29}},"loc":{"start":{"line":32,"column":42},"end":{"line":38,"column":3}},"line":32},"8":{"name":"(anonymous_8)","decl":{"start":{"line":39,"column":28},"end":{"line":39,"column":29}},"loc":{"start":{"line":39,"column":42},"end":{"line":45,"column":3}},"line":39},"9":{"name":"(anonymous_9)","decl":{"start":{"line":46,"column":28},"end":{"line":46,"column":29}},"loc":{"start":{"line":46,"column":42},"end":{"line":49,"column":3}},"line":46},"10":{"name":"(anonymous_10)","decl":{"start":{"line":52,"column":38},"end":{"line":52,"column":39}},"loc":{"start":{"line":52,"column":51},"end":{"line":60,"column":1}},"line":52},"11":{"name":"(anonymous_11)","decl":{"start":{"line":53,"column":27},"end":{"line":53,"column":28}},"loc":{"start":{"line":53,"column":41},"end":{"line":59,"column":3}},"line":53}},"branchMap":{},"s":{"0":1,"1":1,"2":1,"3":1,"4":1,"5":1,"6":1,"7":1,"8":1,"9":1,"10":1,"11":1,"12":1,"13":1,"14":1,"15":1,"16":1,"17":1,"18":1,"19":1,"20":1,"21":1,"22":1,"23":1,"24":1,"25":1,"26":1,"27":1,"28":1,"29":1,"30":1,"31":1,"32":1,"33":1,"34":1,"35":1,"36":1,"37":1,"38":1,"39":1,"40":1},"f":{"0":1,"1":1,"2":1,"3":1,"4":1,"5":1,"6":1,"7":1,"8":1,"9":1,"10":1,"11":1},"b":{},"_coverageSchema":"43e27e138ebf9cfc5966b082cf9a028302ed4184","hash":"b3c41224e47fff13bc1f8b3247c523d70892dd45","contentHash":"99008a5bb6474b5adf1d197ad916a0b699959bec5d8fdcb8f1d599dfcb12ab6e"},"/home/user/Programming/FIRME/ETHEREUM/SOLIDITY_TEAM/solc-js/translate.js":{"path":"/home/user/Programming/FIRME/ETHEREUM/SOLIDITY_TEAM/solc-js/translate.js","statementMap":{"0":{"start":{"line":1,"column":13},"end":{"line":1,"column":35}},"1":{"start":{"line":14,"column":15},"end":{"line":14,"column":78}},"2":{"start":{"line":15,"column":2},"end":{"line":17,"column":3}},"3":{"start":{"line":16,"column":4},"end":{"line":16,"column":46}},"4":{"start":{"line":18,"column":2},"end":{"line":20,"column":3}},"5":{"start":{"line":19,"column":4},"end":{"line":19,"column":19}},"6":{"start":{"line":21,"column":2},"end":{"line":23,"column":3}},"7":{"start":{"line":22,"column":4},"end":{"line":22,"column":19}},"8":{"start":{"line":25,"column":2},"end":{"line":25,"column":17}},"9":{"start":{"line":29,"column":2},"end":{"line":47,"column":3}},"10":{"start":{"line":30,"column":15},"end":{"line":30,"column":22}},"11":{"start":{"line":31,"column":22},"end":{"line":31,"column":47}},"12":{"start":{"line":32,"column":4},"end":{"line":32,"column":50}},"13":{"start":{"line":33,"column":4},"end":{"line":39,"column":5}},"14":{"start":{"line":34,"column":6},"end":{"line":34,"column":35}},"15":{"start":{"line":35,"column":11},"end":{"line":39,"column":5}},"16":{"start":{"line":36,"column":6},"end":{"line":36,"column":23}},"17":{"start":{"line":37,"column":11},"end":{"line":39,"column":5}},"18":{"start":{"line":38,"column":6},"end":{"line":38,"column":21}},"19":{"start":{"line":40,"column":4},"end":{"line":46,"column":7}},"20":{"start":{"line":51,"column":2},"end":{"line":53,"column":3}},"21":{"start":{"line":52,"column":4},"end":{"line":52,"column":22}},"22":{"start":{"line":55,"column":2},"end":{"line":57,"column":3}},"23":{"start":{"line":56,"column":4},"end":{"line":56,"column":35}},"24":{"start":{"line":59,"column":31},"end":{"line":59,"column":33}},"25":{"start":{"line":60,"column":2},"end":{"line":62,"column":3}},"26":{"start":{"line":61,"column":4},"end":{"line":61,"column":77}},"27":{"start":{"line":63,"column":2},"end":{"line":63,"column":32}},"28":{"start":{"line":67,"column":12},"end":{"line":67,"column":14}},"29":{"start":{"line":69,"column":2},"end":{"line":69,"column":21}},"30":{"start":{"line":71,"column":2},"end":{"line":75,"column":3}},"31":{"start":{"line":72,"column":4},"end":{"line":72,"column":33}},"32":{"start":{"line":74,"column":4},"end":{"line":74,"column":30}},"33":{"start":{"line":76,"column":2},"end":{"line":76,"column":41}},"34":{"start":{"line":78,"column":2},"end":{"line":78,"column":24}},"35":{"start":{"line":79,"column":2},"end":{"line":137,"column":3}},"36":{"start":{"line":81,"column":14},"end":{"line":81,"column":52}},"37":{"start":{"line":82,"column":4},"end":{"line":85,"column":5}},"38":{"start":{"line":84,"column":6},"end":{"line":84,"column":18}},"39":{"start":{"line":86,"column":19},"end":{"line":86,"column":25}},"40":{"start":{"line":87,"column":4},"end":{"line":90,"column":5}},"41":{"start":{"line":89,"column":6},"end":{"line":89,"column":20}},"42":{"start":{"line":91,"column":23},"end":{"line":91,"column":29}},"43":{"start":{"line":93,"column":24},"end":{"line":93,"column":53}},"44":{"start":{"line":95,"column":23},"end":{"line":95,"column":52}},"45":{"start":{"line":96,"column":33},"end":{"line":96,"column":35}},"46":{"start":{"line":98,"column":4},"end":{"line":103,"column":5}},"47":{"start":{"line":99,"column":6},"end":{"line":102,"column":8}},"48":{"start":{"line":104,"column":4},"end":{"line":106,"column":5}},"49":{"start":{"line":105,"column":6},"end":{"line":105,"column":91}},"50":{"start":{"line":107,"column":4},"end":{"line":109,"column":5}},"51":{"start":{"line":108,"column":6},"end":{"line":108,"column":91}},"52":{"start":{"line":111,"column":25},"end":{"line":130,"column":5}},"53":{"start":{"line":132,"column":4},"end":{"line":134,"column":5}},"54":{"start":{"line":133,"column":6},"end":{"line":133,"column":38}},"55":{"start":{"line":136,"column":4},"end":{"line":136,"column":62}},"56":{"start":{"line":139,"column":18},"end":{"line":139,"column":20}},"57":{"start":{"line":140,"column":2},"end":{"line":142,"column":3}},"58":{"start":{"line":141,"column":4},"end":{"line":141,"column":57}},"59":{"start":{"line":144,"column":2},"end":{"line":144,"column":22}},"60":{"start":{"line":145,"column":2},"end":{"line":150,"column":3}},"61":{"start":{"line":146,"column":4},"end":{"line":149,"column":6}},"62":{"start":{"line":152,"column":2},"end":{"line":152,"column":13}},"63":{"start":{"line":156,"column":2},"end":{"line":159,"column":27}},"64":{"start":{"line":164,"column":2},"end":{"line":166,"column":3}},"65":{"start":{"line":165,"column":4},"end":{"line":165,"column":39}},"66":{"start":{"line":167,"column":13},"end":{"line":167,"column":31}},"67":{"start":{"line":168,"column":2},"end":{"line":181,"column":5}},"68":{"start":{"line":169,"column":12},"end":{"line":169,"column":54}},"69":{"start":{"line":170,"column":14},"end":{"line":170,"column":16}},"70":{"start":{"line":171,"column":4},"end":{"line":173,"column":5}},"71":{"start":{"line":172,"column":6},"end":{"line":172,"column":61}},"72":{"start":{"line":174,"column":4},"end":{"line":176,"column":5}},"73":{"start":{"line":175,"column":6},"end":{"line":175,"column":37}},"74":{"start":{"line":177,"column":4},"end":{"line":179,"column":5}},"75":{"start":{"line":178,"column":6},"end":{"line":178,"column":19}},"76":{"start":{"line":180,"column":4},"end":{"line":180,"column":65}},"77":{"start":{"line":182,"column":2},"end":{"line":182,"column":29}},"78":{"start":{"line":183,"column":16},"end":{"line":183,"column":34}},"79":{"start":{"line":184,"column":2},"end":{"line":188,"column":3}},"80":{"start":{"line":185,"column":15},"end":{"line":185,"column":25}},"81":{"start":{"line":186,"column":4},"end":{"line":186,"column":43}},"82":{"start":{"line":187,"column":4},"end":{"line":187,"column":62}},"83":{"start":{"line":189,"column":2},"end":{"line":189,"column":14}},"84":{"start":{"line":193,"column":2},"end":{"line":193,"column":50}},"85":{"start":{"line":196,"column":0},"end":{"line":200,"column":2}}},"fnMap":{"0":{"name":"versionToSemver","decl":{"start":{"line":12,"column":9},"end":{"line":12,"column":24}},"loc":{"start":{"line":12,"column":35},"end":{"line":26,"column":1}},"line":12},"1":{"name":"translateErrors","decl":{"start":{"line":28,"column":9},"end":{"line":28,"column":24}},"loc":{"start":{"line":28,"column":39},"end":{"line":48,"column":1}},"line":28},"2":{"name":"translateGasEstimates","decl":{"start":{"line":50,"column":9},"end":{"line":50,"column":30}},"loc":{"start":{"line":50,"column":46},"end":{"line":64,"column":1}},"line":50},"3":{"name":"translateJsonCompilerOutput","decl":{"start":{"line":66,"column":9},"end":{"line":66,"column":36}},"loc":{"start":{"line":66,"column":57},"end":{"line":153,"column":1}},"line":66},"4":{"name":"escapeString","decl":{"start":{"line":155,"column":9},"end":{"line":155,"column":21}},"loc":{"start":{"line":155,"column":29},"end":{"line":160,"column":1}},"line":155},"5":{"name":"formatAssemblyText","decl":{"start":{"line":163,"column":9},"end":{"line":163,"column":27}},"loc":{"start":{"line":163,"column":50},"end":{"line":190,"column":1}},"line":163},"6":{"name":"(anonymous_6)","decl":{"start":{"line":168,"column":23},"end":{"line":168,"column":24}},"loc":{"start":{"line":168,"column":42},"end":{"line":181,"column":3}},"line":168},"7":{"name":"prettyPrintLegacyAssemblyJSON","decl":{"start":{"line":192,"column":9},"end":{"line":192,"column":38}},"loc":{"start":{"line":192,"column":58},"end":{"line":194,"column":1}},"line":192}},"branchMap":{"0":{"loc":{"start":{"line":15,"column":2},"end":{"line":17,"column":3}},"type":"if","locations":[{"start":{"line":15,"column":2},"end":{"line":17,"column":3}},{"start":{"line":15,"column":2},"end":{"line":17,"column":3}}],"line":15},"1":{"loc":{"start":{"line":18,"column":2},"end":{"line":20,"column":3}},"type":"if","locations":[{"start":{"line":18,"column":2},"end":{"line":20,"column":3}},{"start":{"line":18,"column":2},"end":{"line":20,"column":3}}],"line":18},"2":{"loc":{"start":{"line":21,"column":2},"end":{"line":23,"column":3}},"type":"if","locations":[{"start":{"line":21,"column":2},"end":{"line":23,"column":3}},{"start":{"line":21,"column":2},"end":{"line":23,"column":3}}],"line":21},"3":{"loc":{"start":{"line":33,"column":4},"end":{"line":39,"column":5}},"type":"if","locations":[{"start":{"line":33,"column":4},"end":{"line":39,"column":5}},{"start":{"line":33,"column":4},"end":{"line":39,"column":5}}],"line":33},"4":{"loc":{"start":{"line":35,"column":11},"end":{"line":39,"column":5}},"type":"if","locations":[{"start":{"line":35,"column":11},"end":{"line":39,"column":5}},{"start":{"line":35,"column":11},"end":{"line":39,"column":5}}],"line":35},"5":{"loc":{"start":{"line":37,"column":11},"end":{"line":39,"column":5}},"type":"if","locations":[{"start":{"line":37,"column":11},"end":{"line":39,"column":5}},{"start":{"line":37,"column":11},"end":{"line":39,"column":5}}],"line":37},"6":{"loc":{"start":{"line":43,"column":16},"end":{"line":43,"column":58}},"type":"cond-expr","locations":[{"start":{"line":43,"column":39},"end":{"line":43,"column":48}},{"start":{"line":43,"column":51},"end":{"line":43,"column":58}}],"line":43},"7":{"loc":{"start":{"line":51,"column":2},"end":{"line":53,"column":3}},"type":"if","locations":[{"start":{"line":51,"column":2},"end":{"line":53,"column":3}},{"start":{"line":51,"column":2},"end":{"line":53,"column":3}}],"line":51},"8":{"loc":{"start":{"line":55,"column":2},"end":{"line":57,"column":3}},"type":"if","locations":[{"start":{"line":55,"column":2},"end":{"line":57,"column":3}},{"start":{"line":55,"column":2},"end":{"line":57,"column":3}}],"line":55},"9":{"loc":{"start":{"line":71,"column":2},"end":{"line":75,"column":3}},"type":"if","locations":[{"start":{"line":71,"column":2},"end":{"line":75,"column":3}},{"start":{"line":71,"column":2},"end":{"line":75,"column":3}}],"line":71},"10":{"loc":{"start":{"line":82,"column":4},"end":{"line":85,"column":5}},"type":"if","locations":[{"start":{"line":82,"column":4},"end":{"line":85,"column":5}},{"start":{"line":82,"column":4},"end":{"line":85,"column":5}}],"line":82},"11":{"loc":{"start":{"line":87,"column":4},"end":{"line":90,"column":5}},"type":"if","locations":[{"start":{"line":87,"column":4},"end":{"line":90,"column":5}},{"start":{"line":87,"column":4},"end":{"line":90,"column":5}}],"line":87},"12":{"loc":{"start":{"line":98,"column":4},"end":{"line":103,"column":5}},"type":"if","locations":[{"start":{"line":98,"column":4},"end":{"line":103,"column":5}},{"start":{"line":98,"column":4},"end":{"line":103,"column":5}}],"line":98},"13":{"loc":{"start":{"line":104,"column":4},"end":{"line":106,"column":5}},"type":"if","locations":[{"start":{"line":104,"column":4},"end":{"line":106,"column":5}},{"start":{"line":104,"column":4},"end":{"line":106,"column":5}}],"line":104},"14":{"loc":{"start":{"line":107,"column":4},"end":{"line":109,"column":5}},"type":"if","locations":[{"start":{"line":107,"column":4},"end":{"line":109,"column":5}},{"start":{"line":107,"column":4},"end":{"line":109,"column":5}}],"line":107},"15":{"loc":{"start":{"line":117,"column":20},"end":{"line":117,"column":112}},"type":"binary-expr","locations":[{"start":{"line":117,"column":20},"end":{"line":117,"column":45}},{"start":{"line":117,"column":49},"end":{"line":117,"column":112}}],"line":117},"16":{"loc":{"start":{"line":117,"column":96},"end":{"line":117,"column":111}},"type":"binary-expr","locations":[{"start":{"line":117,"column":96},"end":{"line":117,"column":105}},{"start":{"line":117,"column":109},"end":{"line":117,"column":111}}],"line":117},"17":{"loc":{"start":{"line":120,"column":28},"end":{"line":120,"column":109}},"type":"binary-expr","locations":[{"start":{"line":120,"column":28},"end":{"line":120,"column":53}},{"start":{"line":120,"column":57},"end":{"line":120,"column":109}}],"line":120},"18":{"loc":{"start":{"line":123,"column":20},"end":{"line":123,"column":126}},"type":"binary-expr","locations":[{"start":{"line":123,"column":20},"end":{"line":123,"column":52}},{"start":{"line":123,"column":56},"end":{"line":123,"column":126}}],"line":123},"19":{"loc":{"start":{"line":123,"column":110},"end":{"line":123,"column":125}},"type":"binary-expr","locations":[{"start":{"line":123,"column":110},"end":{"line":123,"column":119}},{"start":{"line":123,"column":123},"end":{"line":123,"column":125}}],"line":123},"20":{"loc":{"start":{"line":125,"column":28},"end":{"line":125,"column":123}},"type":"binary-expr","locations":[{"start":{"line":125,"column":28},"end":{"line":125,"column":60}},{"start":{"line":125,"column":64},"end":{"line":125,"column":123}}],"line":125},"21":{"loc":{"start":{"line":132,"column":4},"end":{"line":134,"column":5}},"type":"if","locations":[{"start":{"line":132,"column":4},"end":{"line":134,"column":5}},{"start":{"line":132,"column":4},"end":{"line":134,"column":5}}],"line":132},"22":{"loc":{"start":{"line":164,"column":2},"end":{"line":166,"column":3}},"type":"if","locations":[{"start":{"line":164,"column":2},"end":{"line":166,"column":3}},{"start":{"line":164,"column":2},"end":{"line":166,"column":3}}],"line":164},"23":{"loc":{"start":{"line":164,"column":6},"end":{"line":164,"column":66}},"type":"binary-expr","locations":[{"start":{"line":164,"column":6},"end":{"line":164,"column":29}},{"start":{"line":164,"column":33},"end":{"line":164,"column":45}},{"start":{"line":164,"column":49},"end":{"line":164,"column":66}}],"line":164},"24":{"loc":{"start":{"line":165,"column":21},"end":{"line":165,"column":30}},"type":"binary-expr","locations":[{"start":{"line":165,"column":21},"end":{"line":165,"column":24}},{"start":{"line":165,"column":28},"end":{"line":165,"column":30}}],"line":165},"25":{"loc":{"start":{"line":169,"column":12},"end":{"line":169,"column":54}},"type":"cond-expr","locations":[{"start":{"line":169,"column":39},"end":{"line":169,"column":41}},{"start":{"line":169,"column":44},"end":{"line":169,"column":54}}],"line":169},"26":{"loc":{"start":{"line":171,"column":4},"end":{"line":173,"column":5}},"type":"if","locations":[{"start":{"line":171,"column":4},"end":{"line":173,"column":5}},{"start":{"line":171,"column":4},"end":{"line":173,"column":5}}],"line":171},"27":{"loc":{"start":{"line":171,"column":8},"end":{"line":171,"column":82}},"type":"binary-expr","locations":[{"start":{"line":171,"column":8},"end":{"line":171,"column":28}},{"start":{"line":171,"column":32},"end":{"line":171,"column":56}},{"start":{"line":171,"column":60},"end":{"line":171,"column":82}}],"line":171},"28":{"loc":{"start":{"line":174,"column":4},"end":{"line":176,"column":5}},"type":"if","locations":[{"start":{"line":174,"column":4},"end":{"line":176,"column":5}},{"start":{"line":174,"column":4},"end":{"line":176,"column":5}}],"line":174},"29":{"loc":{"start":{"line":177,"column":4},"end":{"line":179,"column":5}},"type":"if","locations":[{"start":{"line":177,"column":4},"end":{"line":179,"column":5}},{"start":{"line":177,"column":4},"end":{"line":179,"column":5}}],"line":177},"30":{"loc":{"start":{"line":183,"column":16},"end":{"line":183,"column":34}},"type":"binary-expr","locations":[{"start":{"line":183,"column":16},"end":{"line":183,"column":28}},{"start":{"line":183,"column":32},"end":{"line":183,"column":34}}],"line":183}},"s":{"0":1,"1":231,"2":231,"3":104,"4":127,"5":1,"6":126,"7":1,"8":125,"9":29,"10":9,"11":9,"12":9,"13":9,"14":9,"15":0,"16":0,"17":0,"18":0,"19":9,"20":174,"21":15,"22":159,"23":97,"24":62,"25":62,"26":50,"27":62,"28":29,"29":29,"30":29,"31":0,"32":29,"33":29,"34":29,"35":29,"36":36,"37":36,"38":0,"39":36,"40":36,"41":36,"42":36,"43":36,"44":36,"45":36,"46":36,"47":31,"48":36,"49":31,"50":36,"51":31,"52":36,"53":36,"54":24,"55":36,"56":29,"57":29,"58":85,"59":29,"60":29,"61":111,"62":29,"63":96,"64":2,"65":0,"66":2,"67":2,"68":96,"69":96,"70":96,"71":96,"72":96,"73":72,"74":96,"75":90,"76":96,"77":2,"78":2,"79":2,"80":1,"81":1,"82":1,"83":2,"84":1,"85":1},"f":{"0":231,"1":29,"2":174,"3":29,"4":96,"5":2,"6":96,"7":1},"b":{"0":[104,127],"1":[1,126],"2":[1,125],"3":[9,0],"4":[0,0],"5":[0,0],"6":[9,0],"7":[15,159],"8":[97,62],"9":[0,29],"10":[0,36],"11":[36,0],"12":[31,5],"13":[31,5],"14":[31,5],"15":[36,31],"16":[31,23],"17":[36,31],"18":[36,30],"19":[30,22],"20":[36,30],"21":[24,12],"22":[0,2],"23":[2,2,2],"24":[0,0],"25":[59,37],"26":[96,0],"27":[96,96,96],"28":[72,24],"29":[90,6],"30":[2,1]},"_coverageSchema":"43e27e138ebf9cfc5966b082cf9a028302ed4184","hash":"3e56f1c90882197d77496c4b342d3ae5e9580e05","contentHash":"787b4fb2bc277604f5cc7e3de3dd8a0ad8d5f56ac5ea85dddf588f0096d3a23f"},"/home/user/Programming/FIRME/ETHEREUM/SOLIDITY_TEAM/solc-js/test/compiler.js":{"path":"/home/user/Programming/FIRME/ETHEREUM/SOLIDITY_TEAM/solc-js/test/compiler.js","statementMap":{"0":{"start":{"line":1,"column":13},"end":{"line":1,"column":28}},"1":{"start":{"line":2,"column":15},"end":{"line":2,"column":32}},"2":{"start":{"line":3,"column":13},"end":{"line":3,"column":35}},"3":{"start":{"line":4,"column":15},"end":{"line":4,"column":38}},"4":{"start":{"line":5,"column":17},"end":{"line":5,"column":50}},"5":{"start":{"line":8,"column":2},"end":{"line":8,"column":69}},"6":{"start":{"line":11,"column":4},"end":{"line":21,"column":5}},"7":{"start":{"line":13,"column":6},"end":{"line":17,"column":7}},"8":{"start":{"line":14,"column":8},"end":{"line":14,"column":56}},"9":{"start":{"line":16,"column":8},"end":{"line":16,"column":73}},"10":{"start":{"line":18,"column":6},"end":{"line":18,"column":40}},"11":{"start":{"line":20,"column":6},"end":{"line":20,"column":16}},"12":{"start":{"line":25,"column":4},"end":{"line":35,"column":5}},"13":{"start":{"line":27,"column":6},"end":{"line":31,"column":7}},"14":{"start":{"line":28,"column":8},"end":{"line":28,"column":42}},"15":{"start":{"line":30,"column":8},"end":{"line":30,"column":48}},"16":{"start":{"line":32,"column":6},"end":{"line":32,"column":67}},"17":{"start":{"line":34,"column":6},"end":{"line":34,"column":16}},"18":{"start":{"line":39,"column":4},"end":{"line":49,"column":5}},"19":{"start":{"line":41,"column":6},"end":{"line":45,"column":7}},"20":{"start":{"line":42,"column":8},"end":{"line":42,"column":42}},"21":{"start":{"line":44,"column":8},"end":{"line":44,"column":48}},"22":{"start":{"line":46,"column":6},"end":{"line":46,"column":61}},"23":{"start":{"line":48,"column":6},"end":{"line":48,"column":16}},"24":{"start":{"line":53,"column":4},"end":{"line":66,"column":5}},"25":{"start":{"line":54,"column":6},"end":{"line":65,"column":7}},"26":{"start":{"line":55,"column":8},"end":{"line":55,"column":37}},"27":{"start":{"line":56,"column":8},"end":{"line":64,"column":9}},"28":{"start":{"line":57,"column":10},"end":{"line":63,"column":11}},"29":{"start":{"line":58,"column":12},"end":{"line":60,"column":13}},"30":{"start":{"line":59,"column":14},"end":{"line":59,"column":26}},"31":{"start":{"line":62,"column":12},"end":{"line":62,"column":24}},"32":{"start":{"line":67,"column":4},"end":{"line":67,"column":17}},"33":{"start":{"line":71,"column":4},"end":{"line":78,"column":5}},"34":{"start":{"line":72,"column":6},"end":{"line":77,"column":7}},"35":{"start":{"line":73,"column":8},"end":{"line":73,"column":37}},"36":{"start":{"line":74,"column":8},"end":{"line":76,"column":9}},"37":{"start":{"line":75,"column":10},"end":{"line":75,"column":23}},"38":{"start":{"line":79,"column":4},"end":{"line":79,"column":16}},"39":{"start":{"line":82,"column":2},"end":{"line":759,"column":5}},"40":{"start":{"line":83,"column":15},"end":{"line":83,"column":21}},"41":{"start":{"line":85,"column":4},"end":{"line":98,"column":7}},"42":{"start":{"line":86,"column":6},"end":{"line":89,"column":9}},"43":{"start":{"line":87,"column":8},"end":{"line":87,"column":50}},"44":{"start":{"line":88,"column":8},"end":{"line":88,"column":17}},"45":{"start":{"line":90,"column":6},"end":{"line":93,"column":9}},"46":{"start":{"line":91,"column":8},"end":{"line":91,"column":49}},"47":{"start":{"line":92,"column":8},"end":{"line":92,"column":17}},"48":{"start":{"line":94,"column":6},"end":{"line":97,"column":9}},"49":{"start":{"line":95,"column":8},"end":{"line":95,"column":91}},"50":{"start":{"line":96,"column":8},"end":{"line":96,"column":17}},"51":{"start":{"line":100,"column":4},"end":{"line":758,"column":7}},"52":{"start":{"line":101,"column":6},"end":{"line":114,"column":9}},"53":{"start":{"line":102,"column":8},"end":{"line":106,"column":9}},"54":{"start":{"line":103,"column":10},"end":{"line":103,"column":97}},"55":{"start":{"line":104,"column":10},"end":{"line":104,"column":19}},"56":{"start":{"line":105,"column":10},"end":{"line":105,"column":17}},"57":{"start":{"line":108,"column":21},"end":{"line":108,"column":101}},"58":{"start":{"line":109,"column":8},"end":{"line":109,"column":37}},"59":{"start":{"line":110,"column":23},"end":{"line":110,"column":51}},"60":{"start":{"line":111,"column":8},"end":{"line":111,"column":44}},"61":{"start":{"line":112,"column":8},"end":{"line":112,"column":35}},"62":{"start":{"line":113,"column":8},"end":{"line":113,"column":17}},"63":{"start":{"line":116,"column":6},"end":{"line":155,"column":9}},"64":{"start":{"line":118,"column":8},"end":{"line":122,"column":9}},"65":{"start":{"line":119,"column":10},"end":{"line":119,"column":57}},"66":{"start":{"line":120,"column":10},"end":{"line":120,"column":19}},"67":{"start":{"line":121,"column":10},"end":{"line":121,"column":17}},"68":{"start":{"line":124,"column":8},"end":{"line":128,"column":9}},"69":{"start":{"line":125,"column":10},"end":{"line":125,"column":97}},"70":{"start":{"line":126,"column":10},"end":{"line":126,"column":19}},"71":{"start":{"line":127,"column":10},"end":{"line":127,"column":17}},"72":{"start":{"line":130,"column":21},"end":{"line":130,"column":106}},"73":{"start":{"line":131,"column":8},"end":{"line":135,"column":9}},"74":{"start":{"line":132,"column":10},"end":{"line":132,"column":82}},"75":{"start":{"line":133,"column":10},"end":{"line":133,"column":19}},"76":{"start":{"line":134,"column":10},"end":{"line":134,"column":17}},"77":{"start":{"line":136,"column":8},"end":{"line":136,"column":19}},"78":{"start":{"line":137,"column":8},"end":{"line":137,"column":34}},"79":{"start":{"line":139,"column":8},"end":{"line":139,"column":41}},"80":{"start":{"line":140,"column":8},"end":{"line":153,"column":9}},"81":{"start":{"line":145,"column":10},"end":{"line":152,"column":11}},"82":{"start":{"line":151,"column":12},"end":{"line":151,"column":24}},"83":{"start":{"line":154,"column":8},"end":{"line":154,"column":17}},"84":{"start":{"line":157,"column":6},"end":{"line":177,"column":9}},"85":{"start":{"line":159,"column":8},"end":{"line":163,"column":9}},"86":{"start":{"line":160,"column":10},"end":{"line":160,"column":96}},"87":{"start":{"line":161,"column":10},"end":{"line":161,"column":19}},"88":{"start":{"line":162,"column":10},"end":{"line":162,"column":17}},"89":{"start":{"line":165,"column":20},"end":{"line":168,"column":9}},"90":{"start":{"line":169,"column":21},"end":{"line":169,"column":93}},"91":{"start":{"line":170,"column":16},"end":{"line":170,"column":49}},"92":{"start":{"line":171,"column":8},"end":{"line":171,"column":37}},"93":{"start":{"line":172,"column":8},"end":{"line":172,"column":28}},"94":{"start":{"line":173,"column":16},"end":{"line":173,"column":49}},"95":{"start":{"line":174,"column":8},"end":{"line":174,"column":37}},"96":{"start":{"line":175,"column":8},"end":{"line":175,"column":28}},"97":{"start":{"line":176,"column":8},"end":{"line":176,"column":17}},"98":{"start":{"line":179,"column":6},"end":{"line":205,"column":9}},"99":{"start":{"line":181,"column":8},"end":{"line":185,"column":9}},"100":{"start":{"line":182,"column":10},"end":{"line":182,"column":99}},"101":{"start":{"line":183,"column":10},"end":{"line":183,"column":19}},"102":{"start":{"line":184,"column":10},"end":{"line":184,"column":17}},"103":{"start":{"line":187,"column":20},"end":{"line":189,"column":9}},"104":{"start":{"line":191,"column":10},"end":{"line":195,"column":11}},"105":{"start":{"line":192,"column":12},"end":{"line":192,"column":99}},"106":{"start":{"line":194,"column":12},"end":{"line":194,"column":47}},"107":{"start":{"line":197,"column":21},"end":{"line":197,"column":124}},"108":{"start":{"line":198,"column":16},"end":{"line":198,"column":49}},"109":{"start":{"line":199,"column":8},"end":{"line":199,"column":37}},"110":{"start":{"line":200,"column":8},"end":{"line":200,"column":28}},"111":{"start":{"line":201,"column":16},"end":{"line":201,"column":49}},"112":{"start":{"line":202,"column":8},"end":{"line":202,"column":37}},"113":{"start":{"line":203,"column":8},"end":{"line":203,"column":28}},"114":{"start":{"line":204,"column":8},"end":{"line":204,"column":17}},"115":{"start":{"line":207,"column":6},"end":{"line":239,"column":9}},"116":{"start":{"line":209,"column":8},"end":{"line":213,"column":9}},"117":{"start":{"line":210,"column":10},"end":{"line":210,"column":99}},"118":{"start":{"line":211,"column":10},"end":{"line":211,"column":19}},"119":{"start":{"line":212,"column":10},"end":{"line":212,"column":17}},"120":{"start":{"line":215,"column":20},"end":{"line":217,"column":9}},"121":{"start":{"line":219,"column":10},"end":{"line":219,"column":45}},"122":{"start":{"line":221,"column":21},"end":{"line":221,"column":124}},"123":{"start":{"line":222,"column":8},"end":{"line":222,"column":19}},"124":{"start":{"line":223,"column":8},"end":{"line":223,"column":34}},"125":{"start":{"line":225,"column":8},"end":{"line":225,"column":41}},"126":{"start":{"line":226,"column":8},"end":{"line":237,"column":9}},"127":{"start":{"line":230,"column":10},"end":{"line":236,"column":11}},"128":{"start":{"line":231,"column":12},"end":{"line":231,"column":24}},"129":{"start":{"line":232,"column":17},"end":{"line":236,"column":11}},"130":{"start":{"line":235,"column":12},"end":{"line":235,"column":24}},"131":{"start":{"line":238,"column":8},"end":{"line":238,"column":17}},"132":{"start":{"line":241,"column":6},"end":{"line":259,"column":9}},"133":{"start":{"line":243,"column":8},"end":{"line":247,"column":9}},"134":{"start":{"line":244,"column":10},"end":{"line":244,"column":99}},"135":{"start":{"line":245,"column":10},"end":{"line":245,"column":19}},"136":{"start":{"line":246,"column":10},"end":{"line":246,"column":17}},"137":{"start":{"line":249,"column":20},"end":{"line":251,"column":9}},"138":{"start":{"line":253,"column":10},"end":{"line":253,"column":76}},"139":{"start":{"line":255,"column":8},"end":{"line":257,"column":69}},"140":{"start":{"line":256,"column":10},"end":{"line":256,"column":102}},"141":{"start":{"line":258,"column":8},"end":{"line":258,"column":17}},"142":{"start":{"line":261,"column":6},"end":{"line":276,"column":9}},"143":{"start":{"line":263,"column":8},"end":{"line":267,"column":9}},"144":{"start":{"line":264,"column":10},"end":{"line":264,"column":99}},"145":{"start":{"line":265,"column":10},"end":{"line":265,"column":19}},"146":{"start":{"line":266,"column":10},"end":{"line":266,"column":17}},"147":{"start":{"line":269,"column":20},"end":{"line":271,"column":9}},"148":{"start":{"line":272,"column":8},"end":{"line":274,"column":49}},"149":{"start":{"line":273,"column":10},"end":{"line":273,"column":102}},"150":{"start":{"line":275,"column":8},"end":{"line":275,"column":17}},"151":{"start":{"line":278,"column":6},"end":{"line":307,"column":9}},"152":{"start":{"line":280,"column":8},"end":{"line":284,"column":9}},"153":{"start":{"line":281,"column":10},"end":{"line":281,"column":99}},"154":{"start":{"line":282,"column":10},"end":{"line":282,"column":19}},"155":{"start":{"line":283,"column":10},"end":{"line":283,"column":17}},"156":{"start":{"line":286,"column":20},"end":{"line":288,"column":9}},"157":{"start":{"line":289,"column":21},"end":{"line":289,"column":96}},"158":{"start":{"line":290,"column":8},"end":{"line":290,"column":19}},"159":{"start":{"line":291,"column":8},"end":{"line":291,"column":34}},"160":{"start":{"line":293,"column":8},"end":{"line":293,"column":41}},"161":{"start":{"line":294,"column":8},"end":{"line":305,"column":9}},"162":{"start":{"line":298,"column":10},"end":{"line":304,"column":11}},"163":{"start":{"line":299,"column":12},"end":{"line":299,"column":24}},"164":{"start":{"line":300,"column":17},"end":{"line":304,"column":11}},"165":{"start":{"line":303,"column":12},"end":{"line":303,"column":24}},"166":{"start":{"line":306,"column":8},"end":{"line":306,"column":17}},"167":{"start":{"line":309,"column":6},"end":{"line":347,"column":9}},"168":{"start":{"line":310,"column":8},"end":{"line":314,"column":9}},"169":{"start":{"line":311,"column":10},"end":{"line":311,"column":99}},"170":{"start":{"line":312,"column":10},"end":{"line":312,"column":19}},"171":{"start":{"line":313,"column":10},"end":{"line":313,"column":17}},"172":{"start":{"line":316,"column":20},"end":{"line":333,"column":9}},"173":{"start":{"line":336,"column":10},"end":{"line":340,"column":11}},"174":{"start":{"line":337,"column":12},"end":{"line":337,"column":100}},"175":{"start":{"line":339,"column":12},"end":{"line":339,"column":25}},"176":{"start":{"line":343,"column":21},"end":{"line":343,"column":85}},"177":{"start":{"line":344,"column":8},"end":{"line":344,"column":52}},"178":{"start":{"line":345,"column":8},"end":{"line":345,"column":52}},"179":{"start":{"line":346,"column":8},"end":{"line":346,"column":17}},"180":{"start":{"line":349,"column":6},"end":{"line":389,"column":9}},"181":{"start":{"line":351,"column":8},"end":{"line":355,"column":9}},"182":{"start":{"line":352,"column":10},"end":{"line":352,"column":57}},"183":{"start":{"line":353,"column":10},"end":{"line":353,"column":19}},"184":{"start":{"line":354,"column":10},"end":{"line":354,"column":17}},"185":{"start":{"line":357,"column":8},"end":{"line":361,"column":9}},"186":{"start":{"line":358,"column":10},"end":{"line":358,"column":99}},"187":{"start":{"line":359,"column":10},"end":{"line":359,"column":19}},"188":{"start":{"line":360,"column":10},"end":{"line":360,"column":17}},"189":{"start":{"line":363,"column":20},"end":{"line":377,"column":9}},"190":{"start":{"line":378,"column":21},"end":{"line":378,"column":85}},"191":{"start":{"line":379,"column":8},"end":{"line":379,"column":19}},"192":{"start":{"line":380,"column":8},"end":{"line":380,"column":34}},"193":{"start":{"line":381,"column":8},"end":{"line":381,"column":41}},"194":{"start":{"line":383,"column":8},"end":{"line":387,"column":9}},"195":{"start":{"line":384,"column":10},"end":{"line":386,"column":11}},"196":{"start":{"line":385,"column":12},"end":{"line":385,"column":24}},"197":{"start":{"line":388,"column":8},"end":{"line":388,"column":17}},"198":{"start":{"line":391,"column":6},"end":{"line":434,"column":9}},"199":{"start":{"line":392,"column":8},"end":{"line":396,"column":9}},"200":{"start":{"line":393,"column":10},"end":{"line":393,"column":99}},"201":{"start":{"line":394,"column":10},"end":{"line":394,"column":19}},"202":{"start":{"line":395,"column":10},"end":{"line":395,"column":17}},"203":{"start":{"line":398,"column":20},"end":{"line":412,"column":9}},"204":{"start":{"line":415,"column":10},"end":{"line":419,"column":11}},"205":{"start":{"line":416,"column":12},"end":{"line":416,"column":99}},"206":{"start":{"line":418,"column":12},"end":{"line":418,"column":47}},"207":{"start":{"line":423,"column":10},"end":{"line":427,"column":11}},"208":{"start":{"line":424,"column":12},"end":{"line":424,"column":100}},"209":{"start":{"line":426,"column":12},"end":{"line":426,"column":25}},"210":{"start":{"line":430,"column":21},"end":{"line":430,"column":110}},"211":{"start":{"line":431,"column":8},"end":{"line":431,"column":52}},"212":{"start":{"line":432,"column":8},"end":{"line":432,"column":52}},"213":{"start":{"line":433,"column":8},"end":{"line":433,"column":17}},"214":{"start":{"line":436,"column":6},"end":{"line":467,"column":9}},"215":{"start":{"line":437,"column":20},"end":{"line":451,"column":9}},"216":{"start":{"line":453,"column":21},"end":{"line":453,"column":68}},"217":{"start":{"line":454,"column":8},"end":{"line":454,"column":37}},"218":{"start":{"line":455,"column":16},"end":{"line":455,"column":57}},"219":{"start":{"line":456,"column":8},"end":{"line":456,"column":37}},"220":{"start":{"line":457,"column":8},"end":{"line":457,"column":28}},"221":{"start":{"line":458,"column":19},"end":{"line":458,"column":55}},"222":{"start":{"line":459,"column":8},"end":{"line":459,"column":40}},"223":{"start":{"line":460,"column":8},"end":{"line":460,"column":52}},"224":{"start":{"line":461,"column":8},"end":{"line":461,"column":71}},"225":{"start":{"line":462,"column":8},"end":{"line":462,"column":52}},"226":{"start":{"line":463,"column":8},"end":{"line":463,"column":59}},"227":{"start":{"line":464,"column":8},"end":{"line":464,"column":52}},"228":{"start":{"line":465,"column":8},"end":{"line":465,"column":59}},"229":{"start":{"line":466,"column":8},"end":{"line":466,"column":17}},"230":{"start":{"line":469,"column":6},"end":{"line":514,"column":9}},"231":{"start":{"line":471,"column":8},"end":{"line":475,"column":9}},"232":{"start":{"line":472,"column":10},"end":{"line":472,"column":43}},"233":{"start":{"line":473,"column":10},"end":{"line":473,"column":19}},"234":{"start":{"line":474,"column":10},"end":{"line":474,"column":17}},"235":{"start":{"line":477,"column":20},"end":{"line":494,"column":9}},"236":{"start":{"line":496,"column":21},"end":{"line":496,"column":68}},"237":{"start":{"line":497,"column":8},"end":{"line":497,"column":37}},"238":{"start":{"line":498,"column":16},"end":{"line":498,"column":57}},"239":{"start":{"line":499,"column":8},"end":{"line":499,"column":37}},"240":{"start":{"line":500,"column":8},"end":{"line":500,"column":28}},"241":{"start":{"line":501,"column":8},"end":{"line":501,"column":70}},"242":{"start":{"line":502,"column":19},"end":{"line":502,"column":55}},"243":{"start":{"line":503,"column":8},"end":{"line":503,"column":40}},"244":{"start":{"line":504,"column":8},"end":{"line":504,"column":52}},"245":{"start":{"line":505,"column":8},"end":{"line":505,"column":71}},"246":{"start":{"line":506,"column":8},"end":{"line":506,"column":52}},"247":{"start":{"line":507,"column":8},"end":{"line":507,"column":59}},"248":{"start":{"line":508,"column":8},"end":{"line":508,"column":52}},"249":{"start":{"line":509,"column":8},"end":{"line":509,"column":59}},"250":{"start":{"line":510,"column":16},"end":{"line":510,"column":57}},"251":{"start":{"line":511,"column":8},"end":{"line":511,"column":37}},"252":{"start":{"line":512,"column":8},"end":{"line":512,"column":28}},"253":{"start":{"line":513,"column":8},"end":{"line":513,"column":17}},"254":{"start":{"line":516,"column":6},"end":{"line":554,"column":9}},"255":{"start":{"line":518,"column":8},"end":{"line":522,"column":9}},"256":{"start":{"line":519,"column":10},"end":{"line":519,"column":43}},"257":{"start":{"line":520,"column":10},"end":{"line":520,"column":19}},"258":{"start":{"line":521,"column":10},"end":{"line":521,"column":17}},"259":{"start":{"line":524,"column":25},"end":{"line":524,"column":59}},"260":{"start":{"line":526,"column":8},"end":{"line":530,"column":9}},"261":{"start":{"line":527,"column":10},"end":{"line":527,"column":74}},"262":{"start":{"line":529,"column":10},"end":{"line":529,"column":57}},"263":{"start":{"line":532,"column":20},"end":{"line":546,"column":9}},"264":{"start":{"line":548,"column":21},"end":{"line":548,"column":68}},"265":{"start":{"line":549,"column":8},"end":{"line":549,"column":37}},"266":{"start":{"line":550,"column":16},"end":{"line":550,"column":57}},"267":{"start":{"line":551,"column":8},"end":{"line":551,"column":37}},"268":{"start":{"line":552,"column":8},"end":{"line":552,"column":30}},"269":{"start":{"line":553,"column":8},"end":{"line":553,"column":17}},"270":{"start":{"line":556,"column":6},"end":{"line":598,"column":9}},"271":{"start":{"line":558,"column":8},"end":{"line":562,"column":9}},"272":{"start":{"line":559,"column":10},"end":{"line":559,"column":43}},"273":{"start":{"line":560,"column":10},"end":{"line":560,"column":19}},"274":{"start":{"line":561,"column":10},"end":{"line":561,"column":17}},"275":{"start":{"line":564,"column":20},"end":{"line":578,"column":9}},"276":{"start":{"line":581,"column":10},"end":{"line":585,"column":11}},"277":{"start":{"line":582,"column":12},"end":{"line":582,"column":99}},"278":{"start":{"line":584,"column":12},"end":{"line":584,"column":47}},"279":{"start":{"line":588,"column":21},"end":{"line":588,"column":93}},"280":{"start":{"line":589,"column":8},"end":{"line":589,"column":37}},"281":{"start":{"line":590,"column":16},"end":{"line":590,"column":57}},"282":{"start":{"line":591,"column":8},"end":{"line":591,"column":37}},"283":{"start":{"line":592,"column":8},"end":{"line":592,"column":28}},"284":{"start":{"line":593,"column":16},"end":{"line":593,"column":57}},"285":{"start":{"line":594,"column":8},"end":{"line":594,"column":37}},"286":{"start":{"line":595,"column":8},"end":{"line":595,"column":28}},"287":{"start":{"line":596,"column":8},"end":{"line":596,"column":70}},"288":{"start":{"line":597,"column":8},"end":{"line":597,"column":17}},"289":{"start":{"line":600,"column":6},"end":{"line":649,"column":9}},"290":{"start":{"line":602,"column":8},"end":{"line":606,"column":9}},"291":{"start":{"line":603,"column":10},"end":{"line":603,"column":57}},"292":{"start":{"line":604,"column":10},"end":{"line":604,"column":19}},"293":{"start":{"line":605,"column":10},"end":{"line":605,"column":17}},"294":{"start":{"line":609,"column":8},"end":{"line":613,"column":9}},"295":{"start":{"line":610,"column":10},"end":{"line":610,"column":43}},"296":{"start":{"line":611,"column":10},"end":{"line":611,"column":19}},"297":{"start":{"line":612,"column":10},"end":{"line":612,"column":17}},"298":{"start":{"line":615,"column":20},"end":{"line":637,"column":9}},"299":{"start":{"line":639,"column":21},"end":{"line":639,"column":68}},"300":{"start":{"line":640,"column":8},"end":{"line":640,"column":37}},"301":{"start":{"line":641,"column":16},"end":{"line":641,"column":57}},"302":{"start":{"line":642,"column":8},"end":{"line":642,"column":37}},"303":{"start":{"line":643,"column":8},"end":{"line":643,"column":28}},"304":{"start":{"line":644,"column":8},"end":{"line":644,"column":70}},"305":{"start":{"line":645,"column":16},"end":{"line":645,"column":59}},"306":{"start":{"line":646,"column":8},"end":{"line":646,"column":37}},"307":{"start":{"line":647,"column":8},"end":{"line":647,"column":28}},"308":{"start":{"line":648,"column":8},"end":{"line":648,"column":17}},"309":{"start":{"line":651,"column":6},"end":{"line":678,"column":9}},"310":{"start":{"line":653,"column":8},"end":{"line":657,"column":9}},"311":{"start":{"line":654,"column":10},"end":{"line":654,"column":43}},"312":{"start":{"line":655,"column":10},"end":{"line":655,"column":19}},"313":{"start":{"line":656,"column":10},"end":{"line":656,"column":17}},"314":{"start":{"line":659,"column":20},"end":{"line":673,"column":9}},"315":{"start":{"line":675,"column":21},"end":{"line":675,"column":68}},"316":{"start":{"line":676,"column":8},"end":{"line":676,"column":105}},"317":{"start":{"line":677,"column":8},"end":{"line":677,"column":17}},"318":{"start":{"line":680,"column":6},"end":{"line":728,"column":9}},"319":{"start":{"line":682,"column":8},"end":{"line":686,"column":9}},"320":{"start":{"line":683,"column":10},"end":{"line":683,"column":57}},"321":{"start":{"line":684,"column":10},"end":{"line":684,"column":19}},"322":{"start":{"line":685,"column":10},"end":{"line":685,"column":17}},"323":{"start":{"line":688,"column":8},"end":{"line":692,"column":9}},"324":{"start":{"line":689,"column":10},"end":{"line":689,"column":99}},"325":{"start":{"line":690,"column":10},"end":{"line":690,"column":19}},"326":{"start":{"line":691,"column":10},"end":{"line":691,"column":17}},"327":{"start":{"line":694,"column":20},"end":{"line":716,"column":9}},"328":{"start":{"line":718,"column":21},"end":{"line":718,"column":85}},"329":{"start":{"line":719,"column":8},"end":{"line":719,"column":37}},"330":{"start":{"line":720,"column":16},"end":{"line":720,"column":57}},"331":{"start":{"line":721,"column":8},"end":{"line":721,"column":37}},"332":{"start":{"line":722,"column":8},"end":{"line":722,"column":28}},"333":{"start":{"line":723,"column":8},"end":{"line":723,"column":70}},"334":{"start":{"line":724,"column":16},"end":{"line":724,"column":59}},"335":{"start":{"line":725,"column":8},"end":{"line":725,"column":37}},"336":{"start":{"line":726,"column":8},"end":{"line":726,"column":28}},"337":{"start":{"line":727,"column":8},"end":{"line":727,"column":17}},"338":{"start":{"line":730,"column":6},"end":{"line":735,"column":9}},"339":{"start":{"line":731,"column":21},"end":{"line":731,"column":57}},"340":{"start":{"line":733,"column":8},"end":{"line":733,"column":169}},"341":{"start":{"line":734,"column":8},"end":{"line":734,"column":17}},"342":{"start":{"line":737,"column":6},"end":{"line":741,"column":9}},"343":{"start":{"line":738,"column":21},"end":{"line":738,"column":117}},"344":{"start":{"line":739,"column":8},"end":{"line":739,"column":126}},"345":{"start":{"line":740,"column":8},"end":{"line":740,"column":17}},"346":{"start":{"line":743,"column":6},"end":{"line":747,"column":9}},"347":{"start":{"line":744,"column":21},"end":{"line":744,"column":72}},"348":{"start":{"line":745,"column":8},"end":{"line":745,"column":79}},"349":{"start":{"line":746,"column":8},"end":{"line":746,"column":17}},"350":{"start":{"line":749,"column":6},"end":{"line":757,"column":9}},"351":{"start":{"line":750,"column":21},"end":{"line":750,"column":156}},"352":{"start":{"line":751,"column":8},"end":{"line":755,"column":9}},"353":{"start":{"line":752,"column":10},"end":{"line":752,"column":39}},"354":{"start":{"line":754,"column":10},"end":{"line":754,"column":195}},"355":{"start":{"line":756,"column":8},"end":{"line":756,"column":17}},"356":{"start":{"line":762,"column":2},"end":{"line":796,"column":3}},"357":{"start":{"line":763,"column":4},"end":{"line":795,"column":7}},"358":{"start":{"line":764,"column":6},"end":{"line":794,"column":9}},"359":{"start":{"line":766,"column":8},"end":{"line":766,"column":19}},"360":{"start":{"line":767,"column":8},"end":{"line":793,"column":11}},"361":{"start":{"line":768,"column":10},"end":{"line":773,"column":11}},"362":{"start":{"line":769,"column":12},"end":{"line":769,"column":23}},"363":{"start":{"line":770,"column":12},"end":{"line":770,"column":68}},"364":{"start":{"line":771,"column":12},"end":{"line":771,"column":21}},"365":{"start":{"line":772,"column":12},"end":{"line":772,"column":19}},"366":{"start":{"line":774,"column":22},"end":{"line":788,"column":11}},"367":{"start":{"line":789,"column":23},"end":{"line":789,"column":78}},"368":{"start":{"line":790,"column":18},"end":{"line":790,"column":62}},"369":{"start":{"line":791,"column":10},"end":{"line":791,"column":39}},"370":{"start":{"line":792,"column":10},"end":{"line":792,"column":30}},"371":{"start":{"line":799,"column":0},"end":{"line":799,"column":25}},"372":{"start":{"line":803,"column":17},"end":{"line":813,"column":1}},"373":{"start":{"line":814,"column":0},"end":{"line":819,"column":1}},"374":{"start":{"line":815,"column":2},"end":{"line":815,"column":30}},"375":{"start":{"line":816,"column":2},"end":{"line":816,"column":103}},"376":{"start":{"line":817,"column":18},"end":{"line":817,"column":73}},"377":{"start":{"line":818,"column":2},"end":{"line":818,"column":29}}},"fnMap":{"0":{"name":"runTests","decl":{"start":{"line":7,"column":9},"end":{"line":7,"column":17}},"loc":{"start":{"line":7,"column":38},"end":{"line":797,"column":1}},"line":7},"1":{"name":"getBytecode","decl":{"start":{"line":10,"column":11},"end":{"line":10,"column":22}},"loc":{"start":{"line":10,"column":56},"end":{"line":22,"column":3}},"line":10},"2":{"name":"getBytecodeStandard","decl":{"start":{"line":24,"column":11},"end":{"line":24,"column":30}},"loc":{"start":{"line":24,"column":64},"end":{"line":36,"column":3}},"line":24},"3":{"name":"getGasEstimate","decl":{"start":{"line":38,"column":11},"end":{"line":38,"column":25}},"loc":{"start":{"line":38,"column":59},"end":{"line":50,"column":3}},"line":38},"4":{"name":"expectError","decl":{"start":{"line":52,"column":11},"end":{"line":52,"column":22}},"loc":{"start":{"line":52,"column":52},"end":{"line":68,"column":3}},"line":52},"5":{"name":"expectNoError","decl":{"start":{"line":70,"column":11},"end":{"line":70,"column":24}},"loc":{"start":{"line":70,"column":34},"end":{"line":80,"column":3}},"line":70},"6":{"name":"(anonymous_6)","decl":{"start":{"line":82,"column":20},"end":{"line":82,"column":21}},"loc":{"start":{"line":82,"column":33},"end":{"line":759,"column":3}},"line":82},"7":{"name":"(anonymous_7)","decl":{"start":{"line":85,"column":32},"end":{"line":85,"column":33}},"loc":{"start":{"line":85,"column":45},"end":{"line":98,"column":5}},"line":85},"8":{"name":"(anonymous_8)","decl":{"start":{"line":86,"column":30},"end":{"line":86,"column":31}},"loc":{"start":{"line":86,"column":44},"end":{"line":89,"column":7}},"line":86},"9":{"name":"(anonymous_9)","decl":{"start":{"line":90,"column":29},"end":{"line":90,"column":30}},"loc":{"start":{"line":90,"column":43},"end":{"line":93,"column":7}},"line":90},"10":{"name":"(anonymous_10)","decl":{"start":{"line":94,"column":30},"end":{"line":94,"column":31}},"loc":{"start":{"line":94,"column":44},"end":{"line":97,"column":7}},"line":94},"11":{"name":"(anonymous_11)","decl":{"start":{"line":100,"column":24},"end":{"line":100,"column":25}},"loc":{"start":{"line":100,"column":37},"end":{"line":758,"column":5}},"line":100},"12":{"name":"(anonymous_12)","decl":{"start":{"line":101,"column":66},"end":{"line":101,"column":67}},"loc":{"start":{"line":101,"column":80},"end":{"line":114,"column":7}},"line":101},"13":{"name":"(anonymous_13)","decl":{"start":{"line":116,"column":72},"end":{"line":116,"column":73}},"loc":{"start":{"line":116,"column":86},"end":{"line":155,"column":7}},"line":116},"14":{"name":"(anonymous_14)","decl":{"start":{"line":157,"column":68},"end":{"line":157,"column":69}},"loc":{"start":{"line":157,"column":82},"end":{"line":177,"column":7}},"line":157},"15":{"name":"(anonymous_15)","decl":{"start":{"line":179,"column":65},"end":{"line":179,"column":66}},"loc":{"start":{"line":179,"column":79},"end":{"line":205,"column":7}},"line":179},"16":{"name":"findImports","decl":{"start":{"line":190,"column":17},"end":{"line":190,"column":28}},"loc":{"start":{"line":190,"column":36},"end":{"line":196,"column":9}},"line":190},"17":{"name":"(anonymous_17)","decl":{"start":{"line":207,"column":87},"end":{"line":207,"column":88}},"loc":{"start":{"line":207,"column":101},"end":{"line":239,"column":7}},"line":207},"18":{"name":"findImports","decl":{"start":{"line":218,"column":17},"end":{"line":218,"column":28}},"loc":{"start":{"line":218,"column":36},"end":{"line":220,"column":9}},"line":218},"19":{"name":"(anonymous_19)","decl":{"start":{"line":241,"column":82},"end":{"line":241,"column":83}},"loc":{"start":{"line":241,"column":96},"end":{"line":259,"column":7}},"line":241},"20":{"name":"findImports","decl":{"start":{"line":252,"column":17},"end":{"line":252,"column":28}},"loc":{"start":{"line":252,"column":36},"end":{"line":254,"column":9}},"line":252},"21":{"name":"(anonymous_21)","decl":{"start":{"line":255,"column":18},"end":{"line":255,"column":19}},"loc":{"start":{"line":255,"column":30},"end":{"line":257,"column":9}},"line":255},"22":{"name":"(anonymous_22)","decl":{"start":{"line":261,"column":98},"end":{"line":261,"column":99}},"loc":{"start":{"line":261,"column":112},"end":{"line":276,"column":7}},"line":261},"23":{"name":"(anonymous_23)","decl":{"start":{"line":272,"column":18},"end":{"line":272,"column":19}},"loc":{"start":{"line":272,"column":30},"end":{"line":274,"column":9}},"line":272},"24":{"name":"(anonymous_24)","decl":{"start":{"line":278,"column":94},"end":{"line":278,"column":95}},"loc":{"start":{"line":278,"column":108},"end":{"line":307,"column":7}},"line":278},"25":{"name":"(anonymous_25)","decl":{"start":{"line":309,"column":61},"end":{"line":309,"column":62}},"loc":{"start":{"line":309,"column":75},"end":{"line":347,"column":7}},"line":309},"26":{"name":"bytecodeExists","decl":{"start":{"line":335,"column":17},"end":{"line":335,"column":31}},"loc":{"start":{"line":335,"column":65},"end":{"line":341,"column":9}},"line":335},"27":{"name":"(anonymous_27)","decl":{"start":{"line":349,"column":91},"end":{"line":349,"column":92}},"loc":{"start":{"line":349,"column":105},"end":{"line":389,"column":7}},"line":349},"28":{"name":"(anonymous_28)","decl":{"start":{"line":391,"column":77},"end":{"line":391,"column":78}},"loc":{"start":{"line":391,"column":91},"end":{"line":434,"column":7}},"line":391},"29":{"name":"findImports","decl":{"start":{"line":414,"column":17},"end":{"line":414,"column":28}},"loc":{"start":{"line":414,"column":36},"end":{"line":420,"column":9}},"line":414},"30":{"name":"bytecodeExists","decl":{"start":{"line":422,"column":17},"end":{"line":422,"column":31}},"loc":{"start":{"line":422,"column":65},"end":{"line":428,"column":9}},"line":422},"31":{"name":"(anonymous_31)","decl":{"start":{"line":436,"column":54},"end":{"line":436,"column":55}},"loc":{"start":{"line":436,"column":68},"end":{"line":467,"column":7}},"line":436},"32":{"name":"(anonymous_32)","decl":{"start":{"line":469,"column":57},"end":{"line":469,"column":58}},"loc":{"start":{"line":469,"column":71},"end":{"line":514,"column":7}},"line":469},"33":{"name":"(anonymous_33)","decl":{"start":{"line":516,"column":60},"end":{"line":516,"column":61}},"loc":{"start":{"line":516,"column":74},"end":{"line":554,"column":7}},"line":516},"34":{"name":"(anonymous_34)","decl":{"start":{"line":556,"column":55},"end":{"line":556,"column":56}},"loc":{"start":{"line":556,"column":69},"end":{"line":598,"column":7}},"line":556},"35":{"name":"findImports","decl":{"start":{"line":580,"column":17},"end":{"line":580,"column":28}},"loc":{"start":{"line":580,"column":36},"end":{"line":586,"column":9}},"line":580},"36":{"name":"(anonymous_36)","decl":{"start":{"line":600,"column":58},"end":{"line":600,"column":59}},"loc":{"start":{"line":600,"column":72},"end":{"line":649,"column":7}},"line":600},"37":{"name":"(anonymous_37)","decl":{"start":{"line":651,"column":63},"end":{"line":651,"column":64}},"loc":{"start":{"line":651,"column":77},"end":{"line":678,"column":7}},"line":651},"38":{"name":"(anonymous_38)","decl":{"start":{"line":680,"column":79},"end":{"line":680,"column":80}},"loc":{"start":{"line":680,"column":93},"end":{"line":728,"column":7}},"line":680},"39":{"name":"(anonymous_39)","decl":{"start":{"line":730,"column":55},"end":{"line":730,"column":56}},"loc":{"start":{"line":730,"column":69},"end":{"line":735,"column":7}},"line":730},"40":{"name":"(anonymous_40)","decl":{"start":{"line":737,"column":59},"end":{"line":737,"column":60}},"loc":{"start":{"line":737,"column":73},"end":{"line":741,"column":7}},"line":737},"41":{"name":"(anonymous_41)","decl":{"start":{"line":743,"column":53},"end":{"line":743,"column":54}},"loc":{"start":{"line":743,"column":67},"end":{"line":747,"column":7}},"line":743},"42":{"name":"(anonymous_42)","decl":{"start":{"line":749,"column":75},"end":{"line":749,"column":76}},"loc":{"start":{"line":749,"column":89},"end":{"line":757,"column":7}},"line":749},"43":{"name":"(anonymous_43)","decl":{"start":{"line":763,"column":36},"end":{"line":763,"column":37}},"loc":{"start":{"line":763,"column":49},"end":{"line":795,"column":5}},"line":763},"44":{"name":"(anonymous_44)","decl":{"start":{"line":764,"column":62},"end":{"line":764,"column":63}},"loc":{"start":{"line":764,"column":76},"end":{"line":794,"column":7}},"line":764},"45":{"name":"(anonymous_45)","decl":{"start":{"line":767,"column":41},"end":{"line":767,"column":42}},"loc":{"start":{"line":767,"column":70},"end":{"line":793,"column":9}},"line":767}},"branchMap":{"0":{"loc":{"start":{"line":13,"column":6},"end":{"line":17,"column":7}},"type":"if","locations":[{"start":{"line":13,"column":6},"end":{"line":17,"column":7}},{"start":{"line":13,"column":6},"end":{"line":17,"column":7}}],"line":13},"1":{"loc":{"start":{"line":27,"column":6},"end":{"line":31,"column":7}},"type":"if","locations":[{"start":{"line":27,"column":6},"end":{"line":31,"column":7}},{"start":{"line":27,"column":6},"end":{"line":31,"column":7}}],"line":27},"2":{"loc":{"start":{"line":41,"column":6},"end":{"line":45,"column":7}},"type":"if","locations":[{"start":{"line":41,"column":6},"end":{"line":45,"column":7}},{"start":{"line":41,"column":6},"end":{"line":45,"column":7}}],"line":41},"3":{"loc":{"start":{"line":53,"column":4},"end":{"line":66,"column":5}},"type":"if","locations":[{"start":{"line":53,"column":4},"end":{"line":66,"column":5}},{"start":{"line":53,"column":4},"end":{"line":66,"column":5}}],"line":53},"4":{"loc":{"start":{"line":56,"column":8},"end":{"line":64,"column":9}},"type":"if","locations":[{"start":{"line":56,"column":8},"end":{"line":64,"column":9}},{"start":{"line":56,"column":8},"end":{"line":64,"column":9}}],"line":56},"5":{"loc":{"start":{"line":57,"column":10},"end":{"line":63,"column":11}},"type":"if","locations":[{"start":{"line":57,"column":10},"end":{"line":63,"column":11}},{"start":{"line":57,"column":10},"end":{"line":63,"column":11}}],"line":57},"6":{"loc":{"start":{"line":58,"column":12},"end":{"line":60,"column":13}},"type":"if","locations":[{"start":{"line":58,"column":12},"end":{"line":60,"column":13}},{"start":{"line":58,"column":12},"end":{"line":60,"column":13}}],"line":58},"7":{"loc":{"start":{"line":71,"column":4},"end":{"line":78,"column":5}},"type":"if","locations":[{"start":{"line":71,"column":4},"end":{"line":78,"column":5}},{"start":{"line":71,"column":4},"end":{"line":78,"column":5}}],"line":71},"8":{"loc":{"start":{"line":74,"column":8},"end":{"line":76,"column":9}},"type":"if","locations":[{"start":{"line":74,"column":8},"end":{"line":76,"column":9}},{"start":{"line":74,"column":8},"end":{"line":76,"column":9}}],"line":74},"9":{"loc":{"start":{"line":95,"column":14},"end":{"line":95,"column":89}},"type":"binary-expr","locations":[{"start":{"line":95,"column":14},"end":{"line":95,"column":51}},{"start":{"line":95,"column":55},"end":{"line":95,"column":89}}],"line":95},"10":{"loc":{"start":{"line":102,"column":8},"end":{"line":106,"column":9}},"type":"if","locations":[{"start":{"line":102,"column":8},"end":{"line":106,"column":9}},{"start":{"line":102,"column":8},"end":{"line":106,"column":9}}],"line":102},"11":{"loc":{"start":{"line":118,"column":8},"end":{"line":122,"column":9}},"type":"if","locations":[{"start":{"line":118,"column":8},"end":{"line":122,"column":9}},{"start":{"line":118,"column":8},"end":{"line":122,"column":9}}],"line":118},"12":{"loc":{"start":{"line":124,"column":8},"end":{"line":128,"column":9}},"type":"if","locations":[{"start":{"line":124,"column":8},"end":{"line":128,"column":9}},{"start":{"line":124,"column":8},"end":{"line":128,"column":9}}],"line":124},"13":{"loc":{"start":{"line":131,"column":8},"end":{"line":135,"column":9}},"type":"if","locations":[{"start":{"line":131,"column":8},"end":{"line":135,"column":9}},{"start":{"line":131,"column":8},"end":{"line":135,"column":9}}],"line":131},"14":{"loc":{"start":{"line":145,"column":10},"end":{"line":152,"column":11}},"type":"if","locations":[{"start":{"line":145,"column":10},"end":{"line":152,"column":11}},{"start":{"line":145,"column":10},"end":{"line":152,"column":11}}],"line":145},"15":{"loc":{"start":{"line":146,"column":12},"end":{"line":149,"column":68}},"type":"binary-expr","locations":[{"start":{"line":146,"column":12},"end":{"line":146,"column":62}},{"start":{"line":147,"column":8},"end":{"line":147,"column":73}},{"start":{"line":148,"column":8},"end":{"line":148,"column":80}},{"start":{"line":149,"column":8},"end":{"line":149,"column":68}}],"line":146},"16":{"loc":{"start":{"line":159,"column":8},"end":{"line":163,"column":9}},"type":"if","locations":[{"start":{"line":159,"column":8},"end":{"line":163,"column":9}},{"start":{"line":159,"column":8},"end":{"line":163,"column":9}}],"line":159},"17":{"loc":{"start":{"line":181,"column":8},"end":{"line":185,"column":9}},"type":"if","locations":[{"start":{"line":181,"co
[...]
ne":14,"column":17},"end":{"line":14,"column":48}},"11":{"start":{"line":15,"column":4},"end":{"line":15,"column":63}},"12":{"start":{"line":16,"column":4},"end":{"line":16,"column":13}},"13":{"start":{"line":19,"column":2},"end":{"line":24,"column":5}},"14":{"start":{"line":20,"column":16},"end":{"line":20,"column":18}},"15":{"start":{"line":21,"column":17},"end":{"line":21,"column":69}},"16":{"start":{"line":22,"column":4},"end":{"line":22,"column":63}},"17":{"start":{"line":23,"column":4},"end":{"line":23,"column":13}}},"fnMap":{"0":{"name":"(anonymous_0)","decl":{"start":{"line":4,"column":19},"end":{"line":4,"column":20}},"loc":{"start":{"line":4,"column":32},"end":{"line":25,"column":1}},"line":4},"1":{"name":"(anonymous_1)","decl":{"start":{"line":5,"column":55},"end":{"line":5,"column":56}},"loc":{"start":{"line":5,"column":69},"end":{"line":10,"column":3}},"line":5},"2":{"name":"(anonymous_2)","decl":{"start":{"line":12,"column":46},"end":{"line":12,"column":47}},"loc":{"start":{"line":12,"column":60},"end":{"line":17,"column":3}},"line":12},"3":{"name":"(anonymous_3)","decl":{"start":{"line":19,"column":49},"end":{"line":19,"column":50}},"loc":{"start":{"line":19,"column":63},"end":{"line":24,"column":3}},"line":19}},"branchMap":{},"s":{"0":1,"1":1,"2":1,"3":1,"4":1,"5":1,"6":1,"7":1,"8":1,"9":1,"10":1,"11":1,"12":1,"13":1,"14":1,"15":1,"16":1,"17":1},"f":{"0":1,"1":1,"2":1,"3":1},"b":{},"_coverageSchema":"43e27e138ebf9cfc5966b082cf9a028302ed4184","hash":"5320fce587c48f600a786d2eb6aaec651358cacc","contentHash":"5fe6bc218edfe44391f270c353163dda5c731bb05fd6fd025ee85333d1d0350a"},"/home/user/Programming/FIRME/ETHEREUM/SOLIDITY_TEAM/solc-js/test/abi.js":{"path":"/home/user/Programming/FIRME/ETHEREUM/SOLIDITY_TEAM/solc-js/test/abi.js","statementMap":{"0":{"start":{"line":1,"column":13},"end":{"line":1,"column":28}},"1":{"start":{"line":2,"column":12},"end":{"line":2,"column":32}},"2":{"start":{"line":4,"column":0},"end":{"line":58,"column":3}},"3":{"start":{"line":5,"column":2},"end":{"line":8,"column":5}},"4":{"start":{"line":6,"column":4},"end":{"line":6,"column":46}},"5":{"start":{"line":7,"column":4},"end":{"line":7,"column":13}},"6":{"start":{"line":9,"column":2},"end":{"line":12,"column":5}},"7":{"start":{"line":10,"column":4},"end":{"line":10,"column":191}},"8":{"start":{"line":11,"column":4},"end":{"line":11,"column":13}},"9":{"start":{"line":13,"column":2},"end":{"line":17,"column":5}},"10":{"start":{"line":14,"column":16},"end":{"line":14,"column":55}},"11":{"start":{"line":15,"column":4},"end":{"line":15,"column":194}},"12":{"start":{"line":16,"column":4},"end":{"line":16,"column":13}},"13":{"start":{"line":18,"column":2},"end":{"line":22,"column":5}},"14":{"start":{"line":19,"column":16},"end":{"line":19,"column":52}},"15":{"start":{"line":20,"column":4},"end":{"line":20,"column":191}},"16":{"start":{"line":21,"column":4},"end":{"line":21,"column":13}},"17":{"start":{"line":23,"column":2},"end":{"line":27,"column":5}},"18":{"start":{"line":24,"column":16},"end":{"line":24,"column":49}},"19":{"start":{"line":25,"column":4},"end":{"line":25,"column":145}},"20":{"start":{"line":26,"column":4},"end":{"line":26,"column":13}},"21":{"start":{"line":28,"column":2},"end":{"line":32,"column":5}},"22":{"start":{"line":29,"column":16},"end":{"line":29,"column":55}},"23":{"start":{"line":30,"column":4},"end":{"line":30,"column":194}},"24":{"start":{"line":31,"column":4},"end":{"line":31,"column":13}},"25":{"start":{"line":33,"column":2},"end":{"line":37,"column":5}},"26":{"start":{"line":34,"column":16},"end":{"line":34,"column":77}},"27":{"start":{"line":35,"column":4},"end":{"line":35,"column":182}},"28":{"start":{"line":36,"column":4},"end":{"line":36,"column":13}},"29":{"start":{"line":38,"column":2},"end":{"line":42,"column":5}},"30":{"start":{"line":39,"column":16},"end":{"line":39,"column":68}},"31":{"start":{"line":40,"column":4},"end":{"line":40,"column":124}},"32":{"start":{"line":41,"column":4},"end":{"line":41,"column":13}},"33":{"start":{"line":43,"column":2},"end":{"line":47,"column":5}},"34":{"start":{"line":44,"column":16},"end":{"line":44,"column":71}},"35":{"start":{"line":45,"column":4},"end":{"line":45,"column":129}},"36":{"start":{"line":46,"column":4},"end":{"line":46,"column":13}},"37":{"start":{"line":48,"column":2},"end":{"line":52,"column":5}},"38":{"start":{"line":49,"column":16},"end":{"line":49,"column":71}},"39":{"start":{"line":50,"column":4},"end":{"line":50,"column":133}},"40":{"start":{"line":51,"column":4},"end":{"line":51,"column":13}},"41":{"start":{"line":53,"column":2},"end":{"line":57,"column":5}},"42":{"start":{"line":54,"column":16},"end":{"line":54,"column":93}},"43":{"start":{"line":55,"column":4},"end":{"line":55,"column":125}},"44":{"start":{"line":56,"column":4},"end":{"line":56,"column":13}}},"fnMap":{"0":{"name":"(anonymous_0)","decl":{"start":{"line":4,"column":23},"end":{"line":4,"column":24}},"loc":{"start":{"line":4,"column":36},"end":{"line":58,"column":1}},"line":4},"1":{"name":"(anonymous_1)","decl":{"start":{"line":5,"column":22},"end":{"line":5,"column":23}},"loc":{"start":{"line":5,"column":36},"end":{"line":8,"column":3}},"line":5},"2":{"name":"(anonymous_2)","decl":{"start":{"line":9,"column":35},"end":{"line":9,"column":36}},"loc":{"start":{"line":9,"column":49},"end":{"line":12,"column":3}},"line":9},"3":{"name":"(anonymous_3)","decl":{"start":{"line":13,"column":32},"end":{"line":13,"column":33}},"loc":{"start":{"line":13,"column":46},"end":{"line":17,"column":3}},"line":13},"4":{"name":"(anonymous_4)","decl":{"start":{"line":18,"column":29},"end":{"line":18,"column":30}},"loc":{"start":{"line":18,"column":43},"end":{"line":22,"column":3}},"line":18},"5":{"name":"(anonymous_5)","decl":{"start":{"line":23,"column":26},"end":{"line":23,"column":27}},"loc":{"start":{"line":23,"column":40},"end":{"line":27,"column":3}},"line":23},"6":{"name":"(anonymous_6)","decl":{"start":{"line":28,"column":36},"end":{"line":28,"column":37}},"loc":{"start":{"line":28,"column":50},"end":{"line":32,"column":3}},"line":28},"7":{"name":"(anonymous_7)","decl":{"start":{"line":33,"column":33},"end":{"line":33,"column":34}},"loc":{"start":{"line":33,"column":47},"end":{"line":37,"column":3}},"line":33},"8":{"name":"(anonymous_8)","decl":{"start":{"line":38,"column":38},"end":{"line":38,"column":39}},"loc":{"start":{"line":38,"column":52},"end":{"line":42,"column":3}},"line":38},"9":{"name":"(anonymous_9)","decl":{"start":{"line":43,"column":44},"end":{"line":43,"column":45}},"loc":{"start":{"line":43,"column":58},"end":{"line":47,"column":3}},"line":43},"10":{"name":"(anonymous_10)","decl":{"start":{"line":48,"column":40},"end":{"line":48,"column":41}},"loc":{"start":{"line":48,"column":54},"end":{"line":52,"column":3}},"line":48},"11":{"name":"(anonymous_11)","decl":{"start":{"line":53,"column":37},"end":{"line":53,"column":38}},"loc":{"start":{"line":53,"column":51},"end":{"line":57,"column":3}},"line":53}},"branchMap":{},"s":{"0":1,"1":1,"2":1,"3":1,"4":1,"5":1,"6":1,"7":1,"8":1,"9":1,"10":1,"11":1,"12":1,"13":1,"14":1,"15":1,"16":1,"17":1,"18":1,"19":1,"20":1,"21":1,"22":1,"23":1,"24":1,"25":1,"26":1,"27":1,"28":1,"29":1,"30":1,"31":1,"32":1,"33":1,"34":1,"35":1,"36":1,"37":1,"38":1,"39":1,"40":1,"41":1,"42":1,"43":1,"44":1},"f":{"0":1,"1":1,"2":1,"3":1,"4":1,"5":1,"6":1,"7":1,"8":1,"9":1,"10":1,"11":1},"b":{},"_coverageSchema":"43e27e138ebf9cfc5966b082cf9a028302ed4184","hash":"ee9c09983eb4864e750493a7465a9aae067531df","contentHash":"ecf183ebf1321462775041939a674f0732833cb60beba58634624a971dd0ccce"},"/home/user/Programming/FIRME/ETHEREUM/SOLIDITY_TEAM/solc-js/abi.js":{"path":"/home/user/Programming/FIRME/ETHEREUM/SOLIDITY_TEAM/solc-js/abi.js","statementMap":{"0":{"start":{"line":1,"column":13},"end":{"line":1,"column":30}},"1":{"start":{"line":4,"column":23},"end":{"line":4,"column":28}},"2":{"start":{"line":5,"column":20},"end":{"line":5,"column":25}},"3":{"start":{"line":7,"column":2},"end":{"line":38,"column":3}},"4":{"start":{"line":7,"column":15},"end":{"line":7,"column":16}},"5":{"start":{"line":8,"column":15},"end":{"line":8,"column":21}},"6":{"start":{"line":10,"column":4},"end":{"line":19,"column":5}},"7":{"start":{"line":11,"column":6},"end":{"line":11,"column":28}},"8":{"start":{"line":14,"column":6},"end":{"line":16,"column":7}},"9":{"start":{"line":15,"column":8},"end":{"line":15,"column":28}},"10":{"start":{"line":17,"column":11},"end":{"line":19,"column":5}},"11":{"start":{"line":18,"column":6},"end":{"line":18,"column":25}},"12":{"start":{"line":21,"column":4},"end":{"line":37,"column":5}},"13":{"start":{"line":23,"column":6},"end":{"line":25,"column":7}},"14":{"start":{"line":24,"column":8},"end":{"line":24,"column":28}},"15":{"start":{"line":28,"column":6},"end":{"line":36,"column":7}},"16":{"start":{"line":29,"column":8},"end":{"line":35,"column":9}},"17":{"start":{"line":30,"column":10},"end":{"line":30,"column":43}},"18":{"start":{"line":31,"column":15},"end":{"line":35,"column":9}},"19":{"start":{"line":32,"column":10},"end":{"line":32,"column":40}},"20":{"start":{"line":34,"column":10},"end":{"line":34,"column":46}},"21":{"start":{"line":41,"column":2},"end":{"line":48,"column":3}},"22":{"start":{"line":42,"column":4},"end":{"line":47,"column":7}},"23":{"start":{"line":50,"column":2},"end":{"line":56,"column":3}},"24":{"start":{"line":51,"column":4},"end":{"line":55,"column":7}},"25":{"start":{"line":58,"column":2},"end":{"line":58,"column":13}},"26":{"start":{"line":61,"column":0},"end":{"line":63,"column":2}}},"fnMap":{"0":{"name":"update","decl":{"start":{"line":3,"column":9},"end":{"line":3,"column":15}},"loc":{"start":{"line":3,"column":39},"end":{"line":59,"column":1}},"line":3}},"branchMap":{"0":{"loc":{"start":{"line":10,"column":4},"end":{"line":19,"column":5}},"type":"if","locations":[{"start":{"line":10,"column":4},"end":{"line":19,"column":5}},{"start":{"line":10,"column":4},"end":{"line":19,"column":5}}],"line":10},"1":{"loc":{"start":{"line":14,"column":6},"end":{"line":16,"column":7}},"type":"if","locations":[{"start":{"line":14,"column":6},"end":{"line":16,"column":7}},{"start":{"line":14,"column":6},"end":{"line":16,"column":7}}],"line":14},"2":{"loc":{"start":{"line":17,"column":11},"end":{"line":19,"column":5}},"type":"if","locations":[{"start":{"line":17,"column":11},"end":{"line":19,"column":5}},{"start":{"line":17,"column":11},"end":{"line":19,"column":5}}],"line":17},"3":{"loc":{"start":{"line":21,"column":4},"end":{"line":37,"column":5}},"type":"if","locations":[{"start":{"line":21,"column":4},"end":{"line":37,"column":5}},{"start":{"line":21,"column":4},"end":{"line":37,"column":5}}],"line":21},"4":{"loc":{"start":{"line":23,"column":6},"end":{"line":25,"column":7}},"type":"if","locations":[{"start":{"line":23,"column":6},"end":{"line":25,"column":7}},{"start":{"line":23,"column":6},"end":{"line":25,"column":7}}],"line":23},"5":{"loc":{"start":{"line":28,"column":6},"end":{"line":36,"column":7}},"type":"if","locations":[{"start":{"line":28,"column":6},"end":{"line":36,"column":7}},{"start":{"line":28,"column":6},"end":{"line":36,"column":7}}],"line":28},"6":{"loc":{"start":{"line":29,"column":8},"end":{"line":35,"column":9}},"type":"if","locations":[{"start":{"line":29,"column":8},"end":{"line":35,"column":9}},{"start":{"line":29,"column":8},"end":{"line":35,"column":9}}],"line":29},"7":{"loc":{"start":{"line":31,"column":15},"end":{"line":35,"column":9}},"type":"if","locations":[{"start":{"line":31,"column":15},"end":{"line":35,"column":9}},{"start":{"line":31,"column":15},"end":{"line":35,"column":9}}],"line":31},"8":{"loc":{"start":{"line":41,"column":2},"end":{"line":48,"column":3}},"type":"if","locations":[{"start":{"line":41,"column":2},"end":{"line":48,"column":3}},{"start":{"line":41,"column":2},"end":{"line":48,"column":3}}],"line":41},"9":{"loc":{"start":{"line":41,"column":6},"end":{"line":41,"column":60}},"type":"binary-expr","locations":[{"start":{"line":41,"column":6},"end":{"line":41,"column":21}},{"start":{"line":41,"column":25},"end":{"line":41,"column":60}}],"line":41},"10":{"loc":{"start":{"line":50,"column":2},"end":{"line":56,"column":3}},"type":"if","locations":[{"start":{"line":50,"column":2},"end":{"line":56,"column":3}},{"start":{"line":50,"column":2},"end":{"line":56,"column":3}}],"line":50},"11":{"loc":{"start":{"line":50,"column":6},"end":{"line":50,"column":57}},"type":"binary-expr","locations":[{"start":{"line":50,"column":6},"end":{"line":50,"column":18}},{"start":{"line":50,"column":22},"end":{"line":50,"column":57}}],"line":50}},"s":{"0":1,"1":11,"2":11,"3":11,"4":11,"5":10,"6":10,"7":5,"8":5,"9":4,"10":5,"11":1,"12":10,"13":9,"14":3,"15":9,"16":8,"17":5,"18":3,"19":1,"20":2,"21":11,"22":1,"23":11,"24":5,"25":11,"26":1},"f":{"0":11},"b":{"0":[5,5],"1":[4,1],"2":[1,4],"3":[9,1],"4":[3,6],"5":[8,1],"6":[5,3],"7":[1,2],"8":[1,10],"9":[11,6],"10":[5,6],"11":[11,10]},"_coverageSchema":"43e27e138ebf9cfc5966b082cf9a028302ed4184","hash":"9a6b571e3fcbd6e5d966666cbb353cf89f659fa6","contentHash":"026551aafd829a7f1b2805d4f2cca031db4edfe9b1d928ac4ab70329b722e3c2"},"/home/user/Programming/FIRME/ETHEREUM/SOLIDITY_TEAM/solc-js/test/cli.js":{"path":"/home/user/Programming/FIRME/ETHEREUM/SOLIDITY_TEAM/solc-js/test/cli.js","statementMap":{"0":{"start":{"line":1,"column":13},"end":{"line":1,"column":28}},"1":{"start":{"line":2,"column":14},"end":{"line":2,"column":35}},"2":{"start":{"line":3,"column":12},"end":{"line":3,"column":38}},"3":{"start":{"line":5,"column":0},"end":{"line":93,"column":3}},"4":{"start":{"line":6,"column":2},"end":{"line":11,"column":5}},"5":{"start":{"line":7,"column":14},"end":{"line":7,"column":45}},"6":{"start":{"line":8,"column":4},"end":{"line":8,"column":87}},"7":{"start":{"line":9,"column":4},"end":{"line":9,"column":23}},"8":{"start":{"line":10,"column":4},"end":{"line":10,"column":14}},"9":{"start":{"line":13,"column":2},"end":{"line":17,"column":5}},"10":{"start":{"line":14,"column":14},"end":{"line":14,"column":35}},"11":{"start":{"line":15,"column":4},"end":{"line":15,"column":45}},"12":{"start":{"line":16,"column":4},"end":{"line":16,"column":14}},"13":{"start":{"line":19,"column":2},"end":{"line":23,"column":5}},"14":{"start":{"line":20,"column":14},"end":{"line":20,"column":67}},"15":{"start":{"line":21,"column":4},"end":{"line":21,"column":49}},"16":{"start":{"line":22,"column":4},"end":{"line":22,"column":14}},"17":{"start":{"line":25,"column":2},"end":{"line":30,"column":5}},"18":{"start":{"line":26,"column":14},"end":{"line":26,"column":73}},"19":{"start":{"line":27,"column":4},"end":{"line":27,"column":23}},"20":{"start":{"line":28,"column":4},"end":{"line":28,"column":19}},"21":{"start":{"line":29,"column":4},"end":{"line":29,"column":14}},"22":{"start":{"line":32,"column":2},"end":{"line":37,"column":5}},"23":{"start":{"line":33,"column":14},"end":{"line":33,"column":84}},"24":{"start":{"line":34,"column":4},"end":{"line":34,"column":23}},"25":{"start":{"line":35,"column":4},"end":{"line":35,"column":19}},"26":{"start":{"line":36,"column":4},"end":{"line":36,"column":14}},"27":{"start":{"line":39,"column":2},"end":{"line":43,"column":5}},"28":{"start":{"line":40,"column":14},"end":{"line":40,"column":63}},"29":{"start":{"line":41,"column":4},"end":{"line":41,"column":40}},"30":{"start":{"line":42,"column":4},"end":{"line":42,"column":14}},"31":{"start":{"line":45,"column":2},"end":{"line":49,"column":5}},"32":{"start":{"line":46,"column":14},"end":{"line":46,"column":83}},"33":{"start":{"line":47,"column":4},"end":{"line":47,"column":113}},"34":{"start":{"line":48,"column":4},"end":{"line":48,"column":14}},"35":{"start":{"line":51,"column":2},"end":{"line":56,"column":5}},"36":{"start":{"line":52,"column":14},"end":{"line":52,"column":73}},"37":{"start":{"line":53,"column":4},"end":{"line":53,"column":23}},"38":{"start":{"line":54,"column":4},"end":{"line":54,"column":19}},"39":{"start":{"line":55,"column":4},"end":{"line":55,"column":14}},"40":{"start":{"line":58,"column":2},"end":{"line":63,"column":5}},"41":{"start":{"line":59,"column":14},"end":{"line":59,"column":79}},"42":{"start":{"line":60,"column":4},"end":{"line":60,"column":23}},"43":{"start":{"line":61,"column":4},"end":{"line":61,"column":19}},"44":{"start":{"line":62,"column":4},"end":{"line":62,"column":14}},"45":{"start":{"line":65,"column":2},"end":{"line":92,"column":5}},"46":{"start":{"line":66,"column":16},"end":{"line":80,"column":5}},"47":{"start":{"line":81,"column":14},"end":{"line":81,"column":51}},"48":{"start":{"line":82,"column":4},"end":{"line":82,"column":35}},"49":{"start":{"line":83,"column":4},"end":{"line":83,"column":43}},"50":{"start":{"line":84,"column":4},"end":{"line":84,"column":20}},"51":{"start":{"line":85,"column":4},"end":{"line":91,"column":7}},"52":{"start":{"line":86,"column":6},"end":{"line":86,"column":25}},"53":{"start":{"line":87,"column":6},"end":{"line":87,"column":39}},"54":{"start":{"line":88,"column":6},"end":{"line":88,"column":34}},"55":{"start":{"line":89,"column":6},"end":{"line":89,"column":21}},"56":{"start":{"line":90,"column":6},"end":{"line":90,"column":16}}},"fnMap":{"0":{"name":"(anonymous_0)","decl":{"start":{"line":5,"column":12},"end":{"line":5,"column":13}},"loc":{"start":{"line":5,"column":25},"end":{"line":93,"column":1}},"line":5},"1":{"name":"(anonymous_1)","decl":{"start":{"line":6,"column":22},"end":{"line":6,"column":23}},"loc":{"start":{"line":6,"column":36},"end":{"line":11,"column":3}},"line":6},"2":{"name":"(anonymous_2)","decl":{"start":{"line":13,"column":26},"end":{"line":13,"column":27}},"loc":{"start":{"line":13,"column":40},"end":{"line":17,"column":3}},"line":13},"3":{"name":"(anonymous_3)","decl":{"start":{"line":19,"column":30},"end":{"line":19,"column":31}},"loc":{"start":{"line":19,"column":44},"end":{"line":23,"column":3}},"line":19},"4":{"name":"(anonymous_4)","decl":{"start":{"line":25,"column":18},"end":{"line":25,"column":19}},"loc":{"start":{"line":25,"column":32},"end":{"line":30,"column":3}},"line":25},"5":{"name":"(anonymous_5)","decl":{"start":{"line":32,"column":29},"end":{"line":32,"column":30}},"loc":{"start":{"line":32,"column":43},"end":{"line":37,"column":3}},"line":32},"6":{"name":"(anonymous_6)","decl":{"start":{"line":39,"column":35},"end":{"line":39,"column":36}},"loc":{"start":{"line":39,"column":49},"end":{"line":43,"column":3}},"line":39},"7":{"name":"(anonymous_7)","decl":{"start":{"line":45,"column":36},"end":{"line":45,"column":37}},"loc":{"start":{"line":45,"column":50},"end":{"line":49,"column":3}},"line":45},"8":{"name":"(anonymous_8)","decl":{"start":{"line":51,"column":18},"end":{"line":51,"column":19}},"loc":{"start":{"line":51,"column":32},"end":{"line":56,"column":3}},"line":51},"9":{"name":"(anonymous_9)","decl":{"start":{"line":58,"column":24},"end":{"line":58,"column":25}},"loc":{"start":{"line":58,"column":38},"end":{"line":63,"column":3}},"line":58},"10":{"name":"(anonymous_10)","decl":{"start":{"line":65,"column":26},"end":{"line":65,"column":27}},"loc":{"start":{"line":65,"column":40},"end":{"line":92,"column":3}},"line":65},"11":{"name":"(anonymous_11)","decl":{"start":{"line":85,"column":27},"end":{"line":85,"column":28}},"loc":{"start":{"line":85,"column":39},"end":{"line":91,"column":5}},"line":85}},"branchMap":{},"s":{"0":1,"1":1,"2":1,"3":1,"4":1,"5":1,"6":1,"7":1,"8":1,"9":1,"10":1,"11":1,"12":1,"13":1,"14":1,"15":1,"16":1,"17":1,"18":1,"19":1,"20":1,"21":1,"22":1,"23":1,"24":1,"25":1,"26":1,"27":1,"28":1,"29":1,"30":1,"31":1,"32":1,"33":1,"34":1,"35":1,"36":1,"37":1,"38":1,"39":1,"40":1,"41":1,"42":1,"43":1,"44":1,"45":1,"46":1,"47":1,"48":1,"49":1,"50":1,"51":1,"52":1,"53":1,"54":1,"55":1,"56":1},"f":{"0":1,"1":1,"2":1,"3":1,"4":1,"5":1,"6":1,"7":1,"8":1,"9":1,"10":1,"11":1},"b":{},"_coverageSchema":"43e27e138ebf9cfc5966b082cf9a028302ed4184","hash":"753fd8dcf0713a5783ba82f8c49a07e3ffe9afc9","contentHash":"45cd0c65f4d4999c24d0087356a7a8e0fe26568ded980f7a74c112d7ad59d32c"}}